Using pre-set license
Built from '2020.3/release' branch; Version is '2020.3.27f1 (e759542391ea) revision 15161684'; Using compiler version '192528614'; Build Type 'Release'
OS: 'Windows 11  (10.0.22000) 64bit Core' Language: 'en' Physical Memory: 16122 MB
BatchMode: 1, IsHumanControllingUs: 0, StartBugReporterOnCrash: 0, Is64bit: 1, IsPro: 0

COMMAND LINE ARGUMENTS:
C:\Program Files\Unity 2020.3.27f1\Editor\Unity.exe
-adb2
-batchMode
-noUpm
-name
AssetImportWorker0
-projectPath
C:/Users/mlakh/Desktop/Unity/Group_2/Fluffy 0.6
-logFile
Logs/AssetImportWorker0.log
-srvPort
57620
Successfully changed project path to: C:/Users/mlakh/Desktop/Unity/Group_2/Fluffy 0.6
C:/Users/mlakh/Desktop/Unity/Group_2/Fluffy 0.6
Using Asset Import Pipeline V2.
Refreshing native plugins compatible for Editor in 150.80 ms, found 3 plugins.
Preloading 0 native plugins for Editor in 0.00 ms.
Initialize engine version: 2020.3.27f1 (e759542391ea)
[Subsystems] Discovering subsystems at path C:/Program Files/Unity 2020.3.27f1/Editor/Data/Resources/UnitySubsystems
[Subsystems] Discovering subsystems at path C:/Users/mlakh/Desktop/Unity/Group_2/Fluffy 0.6/Assets
GfxDevice: creating device client; threaded=0
Direct3D:
    Version:  Direct3D 11.0 [level 11.1]
    Renderer: Intel(R) Iris(R) Xe Graphics (ID=0x9a49)
    Vendor:   
    VRAM:     8061 MB
    Driver:   27.20.100.9749
Initialize mono
Mono path[0] = 'C:/Program Files/Unity 2020.3.27f1/Editor/Data/Managed'
Mono path[1] = 'C:/Program Files/Unity 2020.3.27f1/Editor/Data/MonoBleedingEdge/lib/mono/unityjit'
Mono config path = 'C:/Program Files/Unity 2020.3.27f1/Editor/Data/MonoBleedingEdge/etc'
Using monoOptions --debugger-agent=transport=dt_socket,embedding=1,server=y,suspend=n,address=127.0.0.1:56016
Begin MonoManager ReloadAssembly
Registering precompiled unity dll's ...
Register platform support module: C:/Program Files/Unity 2020.3.27f1/Editor/Data/PlaybackEngines/WindowsStandaloneSupport/UnityEditor.WindowsStandalone.Extensions.dll
Registered in 0.001949 seconds.
Native extension for WindowsStandalone target not found
Refreshing native plugins compatible for Editor in 123.10 ms, found 3 plugins.
Preloading 0 native plugins for Editor in 0.00 ms.
Mono: successfully reloaded assembly
- Completed reload, in  0.750 seconds
Domain Reload Profiling:
	ReloadAssembly (750ms)
		BeginReloadAssembly (73ms)
			ExecutionOrderSort (0ms)
			DisableScriptedObjects (0ms)
			BackupInstance (0ms)
			ReleaseScriptingObjects (0ms)
			CreateAndSetChildDomain (1ms)
		EndReloadAssembly (593ms)
			LoadAssemblies (71ms)
			RebuildTransferFunctionScriptingTraits (0ms)
			SetupTypeCache (166ms)
			ReleaseScriptCaches (0ms)
			RebuildScriptCaches (38ms)
			SetupLoadedEditorAssemblies (253ms)
				LogAssemblyErrors (0ms)
				InitializePlatformSupportModulesInManaged (5ms)
				SetLoadedEditorAssemblies (0ms)
				RefreshPlugins (123ms)
				BeforeProcessingInitializeOnLoad (11ms)
				ProcessInitializeOnLoadAttributes (84ms)
				ProcessInitializeOnLoadMethodAttributes (29ms)
				AfterProcessingInitializeOnLoad (0ms)
				EditorAssembliesLoaded (0ms)
			ExecutionOrderSort2 (0ms)
			AwakeInstancesAfterBackupRestoration (0ms)
Platform modules already initialized, skipping
Registering precompiled user dll's ...
Registered in 0.006605 seconds.
Begin MonoManager ReloadAssembly
Native extension for WindowsStandalone target not found
Refreshing native plugins compatible for Editor in 96.80 ms, found 3 plugins.
Preloading 0 native plugins for Editor in 0.00 ms.
Mono: successfully reloaded assembly
- Completed reload, in  1.463 seconds
Domain Reload Profiling:
	ReloadAssembly (1465ms)
		BeginReloadAssembly (173ms)
			ExecutionOrderSort (0ms)
			DisableScriptedObjects (4ms)
			BackupInstance (0ms)
			ReleaseScriptingObjects (0ms)
			CreateAndSetChildDomain (21ms)
		EndReloadAssembly (1225ms)
			LoadAssemblies (128ms)
			RebuildTransferFunctionScriptingTraits (0ms)
			SetupTypeCache (430ms)
			ReleaseScriptCaches (1ms)
			RebuildScriptCaches (61ms)
			SetupLoadedEditorAssemblies (508ms)
				LogAssemblyErrors (0ms)
				InitializePlatformSupportModulesInManaged (4ms)
				SetLoadedEditorAssemblies (0ms)
				RefreshPlugins (97ms)
				BeforeProcessingInitializeOnLoad (92ms)
				ProcessInitializeOnLoadAttributes (289ms)
				ProcessInitializeOnLoadMethodAttributes (18ms)
				AfterProcessingInitializeOnLoad (7ms)
				EditorAssembliesLoaded (0ms)
			ExecutionOrderSort2 (0ms)
			AwakeInstancesAfterBackupRestoration (7ms)
Platform modules already initialized, skipping
========================================================================
Worker process is ready to serve import requests
Launched and connected shader compiler UnityShaderCompiler.exe after 0.05 seconds
Refreshing native plugins compatible for Editor in 1.02 ms, found 3 plugins.
Preloading 0 native plugins for Editor in 0.00 ms.
Unloading 3877 Unused Serialized files (Serialized files now loaded: 0)
System memory in use before: 160.4 MB.
System memory in use after: 160.6 MB.

Unloading 33 unused Assets to reduce memory usage. Loaded Objects now: 4312.
Total: 6.119500 ms (FindLiveObjects: 0.367400 ms CreateObjectMapping: 0.186300 ms MarkObjects: 5.431000 ms  DeleteObjects: 0.133200 ms)

AssetImportParameters requested are different than current active one (requested -> active):
  custom:framework-win-MediaFoundation: 216162199b28c13a410421893ffa2e32 -> 
  custom:video-decoder-ogg-theora: a1e56fd34408186e4bbccfd4996cb3dc -> 
  custom:container-muxer-webm: aa71ff27fc2769a1b78a27578f13a17b -> 
  custom:container-demuxer-webm: 4f35f7cbe854078d1ac9338744f61a02 -> 
  custom:container-demuxer-ogg: 62fdf1f143b41e24485cea50d1cbac27 -> 
  custom:video-encoder-webm-vp8: eb34c28f22e8b96e1ab97ce403110664 -> 
  custom:video-codec-MediaFoundation-h265: 746d11721c4dcdbdad8f713fa42b33f4 -> 
  custom:video-decoder-webm-vp8: 9c59270c3fd7afecdb556c50c9e8de78 -> 
  custom:audio-decoder-ogg-vorbis: bf7c407c2cedff20999df2af8eb42d56 -> 
  custom:audio-encoder-webm-vorbis: bf7c407c2cedff20999df2af8eb42d56 -> 
========================================================================
Received Import Request.
  path: Assets/Scenes/Death Screen.unity
  artifactKey: Guid(2a993bf80a43d415aac458f97f29841c) Importer(815301076,1909f56bfc062723c751e8b465ee728b)
Start importing Assets/Scenes/Death Screen.unity using Guid(2a993bf80a43d415aac458f97f29841c) Importer(815301076,1909f56bfc062723c751e8b465ee728b)  -> (artifact id: '693d07a0bf16546502e6f93eb69f05bb') in 0.018156 seconds 
  Import took 0.025032 seconds .

========================================================================
Received Import Request.
  Time since last request: 27.705205 seconds.
  path: Assets/Code/Menu code/MainMenu.cs
  artifactKey: Guid(5a70b9dc0192a43dcb5288a7e4408fc5) Importer(815301076,1909f56bfc062723c751e8b465ee728b)
Start importing Assets/Code/Menu code/MainMenu.cs using Guid(5a70b9dc0192a43dcb5288a7e4408fc5) Importer(815301076,1909f56bfc062723c751e8b465ee728b)  -> (artifact id: 'a71ab945c5b71ee034d21db6ae92dcf5') in 0.032869 seconds 
  Import took 0.040280 seconds .

========================================================================
Received Import Request.
  Time since last request: 38.619230 seconds.
  path: Assets/Scenes/Death Screen.unity
  artifactKey: Guid(2a993bf80a43d415aac458f97f29841c) Importer(815301076,1909f56bfc062723c751e8b465ee728b)
Start importing Assets/Scenes/Death Screen.unity using Guid(2a993bf80a43d415aac458f97f29841c) Importer(815301076,1909f56bfc062723c751e8b465ee728b)  -> (artifact id: '7fe10b479d2742fed26d915ec6547235') in 0.003686 seconds 
  Import took 0.014691 seconds .

========================================================================
Received Import Request.
  Time since last request: 57.698208 seconds.
  path: Assets/Prefabs/Cam/Main Camera Variant.prefab
  artifactKey: Guid(542dd264742c6804186c4dc7ff9d8cd9) Importer(815301076,1909f56bfc062723c751e8b465ee728b)
Start importing Assets/Prefabs/Cam/Main Camera Variant.prefab using Guid(542dd264742c6804186c4dc7ff9d8cd9) Importer(815301076,1909f56bfc062723c751e8b465ee728b)  -> (artifact id: 'ae0d79be5e0f169041676750e4f80e9e') in 0.080822 seconds 
  Import took 0.089910 seconds .

========================================================================
Received Prepare
Refreshing native plugins compatible for Editor in 6.01 ms, found 3 plugins.
Preloading 0 native plugins for Editor in 0.00 ms.
Unloading 17 Unused Serialized files (Serialized files now loaded: 0)
System memory in use before: 78.9 MB.
System memory in use after: 79.1 MB.

Unloading 17 unused Assets to reduce memory usage. Loaded Objects now: 4312.
Total: 5.106900 ms (FindLiveObjects: 0.320600 ms CreateObjectMapping: 0.136000 ms MarkObjects: 4.629000 ms  DeleteObjects: 0.020100 ms)

AssetImportParameters requested are different than current active one (requested -> active):
  custom:framework-win-MediaFoundation: 216162199b28c13a410421893ffa2e32 -> 
  custom:video-decoder-ogg-theora: a1e56fd34408186e4bbccfd4996cb3dc -> 
  custom:container-muxer-webm: aa71ff27fc2769a1b78a27578f13a17b -> 
  custom:container-demuxer-webm: 4f35f7cbe854078d1ac9338744f61a02 -> 
  custom:container-demuxer-ogg: 62fdf1f143b41e24485cea50d1cbac27 -> 
  custom:video-encoder-webm-vp8: eb34c28f22e8b96e1ab97ce403110664 -> 
  custom:video-codec-MediaFoundation-h265: 746d11721c4dcdbdad8f713fa42b33f4 -> 
  custom:video-decoder-webm-vp8: 9c59270c3fd7afecdb556c50c9e8de78 -> 
  custom:audio-decoder-ogg-vorbis: bf7c407c2cedff20999df2af8eb42d56 -> 
  custom:audio-encoder-webm-vorbis: bf7c407c2cedff20999df2af8eb42d56 -> 
========================================================================
Received Import Request.
  Time since last request: 126.310427 seconds.
  path: Assets/Prefabs/Cam/Main Camera Variant.prefab
  artifactKey: Guid(542dd264742c6804186c4dc7ff9d8cd9) Importer(815301076,1909f56bfc062723c751e8b465ee728b)
Start importing Assets/Prefabs/Cam/Main Camera Variant.prefab using Guid(542dd264742c6804186c4dc7ff9d8cd9) Importer(815301076,1909f56bfc062723c751e8b465ee728b)  -> (artifact id: 'f18fdc7363a28d9e8772faf0ccc561b8') in 0.054894 seconds 
  Import took 0.069021 seconds .

========================================================================
Received Import Request.
  Time since last request: 7.584011 seconds.
  path: Assets/Prefabs/Cam/Main Camera Variant.prefab
  artifactKey: Guid(542dd264742c6804186c4dc7ff9d8cd9) Importer(815301076,1909f56bfc062723c751e8b465ee728b)
Start importing Assets/Prefabs/Cam/Main Camera Variant.prefab using Guid(542dd264742c6804186c4dc7ff9d8cd9) Importer(815301076,1909f56bfc062723c751e8b465ee728b)  -> (artifact id: 'cf179b321bcf4c142c170ce76b267bc9') in 0.045342 seconds 
  Import took 0.056029 seconds .

========================================================================
Received Import Request.
  Time since last request: 3.362353 seconds.
  path: Assets/Prefabs/Cam/Main Camera Variant.prefab
  artifactKey: Guid(542dd264742c6804186c4dc7ff9d8cd9) Importer(815301076,1909f56bfc062723c751e8b465ee728b)
Start importing Assets/Prefabs/Cam/Main Camera Variant.prefab using Guid(542dd264742c6804186c4dc7ff9d8cd9) Importer(815301076,1909f56bfc062723c751e8b465ee728b)  -> (artifact id: '701d13133bd41b004264e8e3f75739fc') in 0.047171 seconds 
  Import took 0.057596 seconds .

========================================================================
Received Prepare
Refreshing native plugins compatible for Editor in 5.42 ms, found 3 plugins.
Preloading 0 native plugins for Editor in 0.00 ms.
Unloading 17 Unused Serialized files (Serialized files now loaded: 0)
System memory in use before: 78.9 MB.
System memory in use after: 79.1 MB.

Unloading 17 unused Assets to reduce memory usage. Loaded Objects now: 4312.
Total: 4.952900 ms (FindLiveObjects: 0.251600 ms CreateObjectMapping: 0.122200 ms MarkObjects: 4.559200 ms  DeleteObjects: 0.018800 ms)

AssetImportParameters requested are different than current active one (requested -> active):
  custom:framework-win-MediaFoundation: 216162199b28c13a410421893ffa2e32 -> 
  custom:video-decoder-ogg-theora: a1e56fd34408186e4bbccfd4996cb3dc -> 
  custom:container-muxer-webm: aa71ff27fc2769a1b78a27578f13a17b -> 
  custom:container-demuxer-webm: 4f35f7cbe854078d1ac9338744f61a02 -> 
  custom:container-demuxer-ogg: 62fdf1f143b41e24485cea50d1cbac27 -> 
  custom:video-encoder-webm-vp8: eb34c28f22e8b96e1ab97ce403110664 -> 
  custom:video-codec-MediaFoundation-h265: 746d11721c4dcdbdad8f713fa42b33f4 -> 
  custom:video-decoder-webm-vp8: 9c59270c3fd7afecdb556c50c9e8de78 -> 
  custom:audio-decoder-ogg-vorbis: bf7c407c2cedff20999df2af8eb42d56 -> 
  custom:audio-encoder-webm-vorbis: bf7c407c2cedff20999df2af8eb42d56 -> 
========================================================================
Received Import Request.
  Time since last request: 75.430660 seconds.
  path: Assets/Prefabs/Cam/Main Camera Variant.prefab
  artifactKey: Guid(542dd264742c6804186c4dc7ff9d8cd9) Importer(815301076,1909f56bfc062723c751e8b465ee728b)
Start importing Assets/Prefabs/Cam/Main Camera Variant.prefab using Guid(542dd264742c6804186c4dc7ff9d8cd9) Importer(815301076,1909f56bfc062723c751e8b465ee728b)  -> (artifact id: 'f22ad6f6b17b8fa3185f5b40aa9406f5') in 0.060513 seconds 
  Import took 0.073275 seconds .

========================================================================
Received Import Request.
  Time since last request: 4.172942 seconds.
  path: Assets/Prefabs/Cam/Main Camera Variant.prefab
  artifactKey: Guid(542dd264742c6804186c4dc7ff9d8cd9) Importer(815301076,1909f56bfc062723c751e8b465ee728b)
Start importing Assets/Prefabs/Cam/Main Camera Variant.prefab using Guid(542dd264742c6804186c4dc7ff9d8cd9) Importer(815301076,1909f56bfc062723c751e8b465ee728b)  -> (artifact id: '6b7cab8d91376e21b07b64a260293ab6') in 0.071140 seconds 
  Import took 0.085605 seconds .

========================================================================
Received Prepare
Refreshing native plugins compatible for Editor in 5.85 ms, found 3 plugins.
Preloading 0 native plugins for Editor in 0.00 ms.
Unloading 17 Unused Serialized files (Serialized files now loaded: 0)
System memory in use before: 78.9 MB.
System memory in use after: 79.2 MB.

Unloading 17 unused Assets to reduce memory usage. Loaded Objects now: 4312.
Total: 5.313200 ms (FindLiveObjects: 0.416600 ms CreateObjectMapping: 0.147400 ms MarkObjects: 4.725000 ms  DeleteObjects: 0.021900 ms)

AssetImportParameters requested are different than current active one (requested -> active):
  custom:framework-win-MediaFoundation: 216162199b28c13a410421893ffa2e32 -> 
  custom:video-decoder-ogg-theora: a1e56fd34408186e4bbccfd4996cb3dc -> 
  custom:container-muxer-webm: aa71ff27fc2769a1b78a27578f13a17b -> 
  custom:container-demuxer-webm: 4f35f7cbe854078d1ac9338744f61a02 -> 
  custom:container-demuxer-ogg: 62fdf1f143b41e24485cea50d1cbac27 -> 
  custom:video-encoder-webm-vp8: eb34c28f22e8b96e1ab97ce403110664 -> 
  custom:video-codec-MediaFoundation-h265: 746d11721c4dcdbdad8f713fa42b33f4 -> 
  custom:video-decoder-webm-vp8: 9c59270c3fd7afecdb556c50c9e8de78 -> 
  custom:audio-decoder-ogg-vorbis: bf7c407c2cedff20999df2af8eb42d56 -> 
  custom:audio-encoder-webm-vorbis: bf7c407c2cedff20999df2af8eb42d56 -> 
========================================================================
Received Import Request.
  Time since last request: 57.994937 seconds.
  path: Assets/Prefabs/Cam/Main Camera Variant.prefab
  artifactKey: Guid(542dd264742c6804186c4dc7ff9d8cd9) Importer(815301076,1909f56bfc062723c751e8b465ee728b)
Start importing Assets/Prefabs/Cam/Main Camera Variant.prefab using Guid(542dd264742c6804186c4dc7ff9d8cd9) Importer(815301076,1909f56bfc062723c751e8b465ee728b)  -> (artifact id: '6e93ad4d7f152d71df651f6410ad0285') in 0.053092 seconds 
  Import took 0.066132 seconds .

========================================================================
Received Import Request.
  Time since last request: 3.330268 seconds.
  path: Assets/Prefabs/Cam/Main Camera Variant.prefab
  artifactKey: Guid(542dd264742c6804186c4dc7ff9d8cd9) Importer(815301076,1909f56bfc062723c751e8b465ee728b)
Start importing Assets/Prefabs/Cam/Main Camera Variant.prefab using Guid(542dd264742c6804186c4dc7ff9d8cd9) Importer(815301076,1909f56bfc062723c751e8b465ee728b)  -> (artifact id: '9623163ea77c0b7775780678557d71a4') in 0.047632 seconds 
  Import took 0.058628 seconds .

========================================================================
Received Prepare
Refreshing native plugins compatible for Editor in 5.35 ms, found 3 plugins.
Preloading 0 native plugins for Editor in 0.00 ms.
Unloading 17 Unused Serialized files (Serialized files now loaded: 0)
System memory in use before: 78.9 MB.
System memory in use after: 79.2 MB.

Unloading 17 unused Assets to reduce memory usage. Loaded Objects now: 4312.
Total: 5.203300 ms (FindLiveObjects: 0.246000 ms CreateObjectMapping: 0.122700 ms MarkObjects: 4.812500 ms  DeleteObjects: 0.020700 ms)

AssetImportParameters requested are different than current active one (requested -> active):
  custom:framework-win-MediaFoundation: 216162199b28c13a410421893ffa2e32 -> 
  custom:video-decoder-ogg-theora: a1e56fd34408186e4bbccfd4996cb3dc -> 
  custom:container-muxer-webm: aa71ff27fc2769a1b78a27578f13a17b -> 
  custom:container-demuxer-webm: 4f35f7cbe854078d1ac9338744f61a02 -> 
  custom:container-demuxer-ogg: 62fdf1f143b41e24485cea50d1cbac27 -> 
  custom:video-encoder-webm-vp8: eb34c28f22e8b96e1ab97ce403110664 -> 
  custom:video-codec-MediaFoundation-h265: 746d11721c4dcdbdad8f713fa42b33f4 -> 
  custom:video-decoder-webm-vp8: 9c59270c3fd7afecdb556c50c9e8de78 -> 
  custom:audio-decoder-ogg-vorbis: bf7c407c2cedff20999df2af8eb42d56 -> 
  custom:audio-encoder-webm-vorbis: bf7c407c2cedff20999df2af8eb42d56 -> 
========================================================================
Received Import Request.
  Time since last request: 45.328050 seconds.
  path: Assets/Prefabs/Cam/Main Camera Variant.prefab
  artifactKey: Guid(542dd264742c6804186c4dc7ff9d8cd9) Importer(815301076,1909f56bfc062723c751e8b465ee728b)
Start importing Assets/Prefabs/Cam/Main Camera Variant.prefab using Guid(542dd264742c6804186c4dc7ff9d8cd9) Importer(815301076,1909f56bfc062723c751e8b465ee728b)  -> (artifact id: '7bf110d8607a683adf2e19c34ec7e4c7') in 0.048708 seconds 
  Import took 0.059948 seconds .

========================================================================
Received Import Request.
  Time since last request: 3.573064 seconds.
  path: Assets/Prefabs/Cam/Main Camera Variant.prefab
  artifactKey: Guid(542dd264742c6804186c4dc7ff9d8cd9) Importer(815301076,1909f56bfc062723c751e8b465ee728b)
Start importing Assets/Prefabs/Cam/Main Camera Variant.prefab using Guid(542dd264742c6804186c4dc7ff9d8cd9) Importer(815301076,1909f56bfc062723c751e8b465ee728b)  -> (artifact id: '0b205114a0e519fa62a56399c545cdc3') in 0.051152 seconds 
  Import took 0.063535 seconds .

========================================================================
Received Prepare
Refreshing native plugins compatible for Editor in 6.04 ms, found 3 plugins.
Preloading 0 native plugins for Editor in 0.00 ms.
Unloading 17 Unused Serialized files (Serialized files now loaded: 0)
System memory in use before: 78.9 MB.
System memory in use after: 79.1 MB.

Unloading 17 unused Assets to reduce memory usage. Loaded Objects now: 4312.
Total: 3.829300 ms (FindLiveObjects: 0.252700 ms CreateObjectMapping: 0.116200 ms MarkObjects: 3.444300 ms  DeleteObjects: 0.015300 ms)

AssetImportParameters requested are different than current active one (requested -> active):
  custom:framework-win-MediaFoundation: 216162199b28c13a410421893ffa2e32 -> 
  custom:video-decoder-ogg-theora: a1e56fd34408186e4bbccfd4996cb3dc -> 
  custom:container-muxer-webm: aa71ff27fc2769a1b78a27578f13a17b -> 
  custom:container-demuxer-webm: 4f35f7cbe854078d1ac9338744f61a02 -> 
  custom:container-demuxer-ogg: 62fdf1f143b41e24485cea50d1cbac27 -> 
  custom:video-encoder-webm-vp8: eb34c28f22e8b96e1ab97ce403110664 -> 
  custom:video-codec-MediaFoundation-h265: 746d11721c4dcdbdad8f713fa42b33f4 -> 
  custom:video-decoder-webm-vp8: 9c59270c3fd7afecdb556c50c9e8de78 -> 
  custom:audio-decoder-ogg-vorbis: bf7c407c2cedff20999df2af8eb42d56 -> 
  custom:audio-encoder-webm-vorbis: bf7c407c2cedff20999df2af8eb42d56 -> 
========================================================================
Received Import Request.
  Time since last request: 76.362443 seconds.
  path: Assets/Prefabs/Cam/Main Camera Variant.prefab
  artifactKey: Guid(542dd264742c6804186c4dc7ff9d8cd9) Importer(815301076,1909f56bfc062723c751e8b465ee728b)
Start importing Assets/Prefabs/Cam/Main Camera Variant.prefab using Guid(542dd264742c6804186c4dc7ff9d8cd9) Importer(815301076,1909f56bfc062723c751e8b465ee728b)  -> (artifact id: '7b714f47d38ed7742e3dc53c96927fe3') in 0.440653 seconds 
  Import took 0.568800 seconds .

========================================================================
Received Import Request.
  Time since last request: 2.895837 seconds.
  path: Assets/Prefabs/Cam/Main Camera Variant.prefab
  artifactKey: Guid(542dd264742c6804186c4dc7ff9d8cd9) Importer(815301076,1909f56bfc062723c751e8b465ee728b)
Start importing Assets/Prefabs/Cam/Main Camera Variant.prefab using Guid(542dd264742c6804186c4dc7ff9d8cd9) Importer(815301076,1909f56bfc062723c751e8b465ee728b)  -> (artifact id: '5211eaf003927795b439eeb7c21e8365') in 0.424228 seconds 
  Import took 0.531792 seconds .

========================================================================
Received Prepare
Refreshing native plugins compatible for Editor in 31.41 ms, found 3 plugins.
Preloading 0 native plugins for Editor in 0.00 ms.
Unloading 17 Unused Serialized files (Serialized files now loaded: 0)
System memory in use before: 78.9 MB.
System memory in use after: 79.2 MB.

Unloading 17 unused Assets to reduce memory usage. Loaded Objects now: 4312.
Total: 20.125600 ms (FindLiveObjects: 0.966500 ms CreateObjectMapping: 0.430000 ms MarkObjects: 18.621600 ms  DeleteObjects: 0.100600 ms)

AssetImportParameters requested are different than current active one (requested -> active):
  custom:framework-win-MediaFoundation: 216162199b28c13a410421893ffa2e32 -> 
  custom:video-decoder-ogg-theora: a1e56fd34408186e4bbccfd4996cb3dc -> 
  custom:container-muxer-webm: aa71ff27fc2769a1b78a27578f13a17b -> 
  custom:container-demuxer-webm: 4f35f7cbe854078d1ac9338744f61a02 -> 
  custom:container-demuxer-ogg: 62fdf1f143b41e24485cea50d1cbac27 -> 
  custom:video-encoder-webm-vp8: eb34c28f22e8b96e1ab97ce403110664 -> 
  custom:video-codec-MediaFoundation-h265: 746d11721c4dcdbdad8f713fa42b33f4 -> 
  custom:video-decoder-webm-vp8: 9c59270c3fd7afecdb556c50c9e8de78 -> 
  custom:audio-decoder-ogg-vorbis: bf7c407c2cedff20999df2af8eb42d56 -> 
  custom:audio-encoder-webm-vorbis: bf7c407c2cedff20999df2af8eb42d56 -> 
AssetImportWorkerClient::OnTransportError - code=2 error=End of file
