Using pre-set license
Built from '2020.3/staging' branch; Version is '2020.3.26f1 (7298b473bc1a) revision 7510196'; Using compiler version '192528614'; Build Type 'Release'
OS: 'Windows 11  (10.0.22000) 64bit Core' Language: 'en' Physical Memory: 16122 MB
BatchMode: 1, IsHumanControllingUs: 0, StartBugReporterOnCrash: 0, Is64bit: 1, IsPro: 0

COMMAND LINE ARGUMENTS:
C:\Program Files\Unity\Hub\Editor\2020.3.26f1\Editor\Unity.exe
-adb2
-batchMode
-noUpm
-name
AssetImportWorker0
-projectPath
C:/Users/mlakh/Desktop/Unity/Group_2/Fluffy
-logFile
Logs/AssetImportWorker0.log
-srvPort
58381
Successfully changed project path to: C:/Users/mlakh/Desktop/Unity/Group_2/Fluffy
C:/Users/mlakh/Desktop/Unity/Group_2/Fluffy
Using Asset Import Pipeline V2.
Refreshing native plugins compatible for Editor in 283.46 ms, found 3 plugins.
Preloading 0 native plugins for Editor in 0.00 ms.
Initialize engine version: 2020.3.26f1 (7298b473bc1a)
[Subsystems] Discovering subsystems at path C:/Program Files/Unity/Hub/Editor/2020.3.26f1/Editor/Data/Resources/UnitySubsystems
[Subsystems] Discovering subsystems at path C:/Users/mlakh/Desktop/Unity/Group_2/Fluffy/Assets
GfxDevice: creating device client; threaded=0
Direct3D:
    Version:  Direct3D 11.0 [level 11.1]
    Renderer: Intel(R) Iris(R) Xe Graphics (ID=0x9a49)
    Vendor:   
    VRAM:     8061 MB
    Driver:   27.20.100.9749
Initialize mono
Mono path[0] = 'C:/Program Files/Unity/Hub/Editor/2020.3.26f1/Editor/Data/Managed'
Mono path[1] = 'C:/Program Files/Unity/Hub/Editor/2020.3.26f1/Editor/Data/MonoBleedingEdge/lib/mono/unityjit'
Mono config path = 'C:/Program Files/Unity/Hub/Editor/2020.3.26f1/Editor/Data/MonoBleedingEdge/etc'
Using monoOptions --debugger-agent=transport=dt_socket,embedding=1,server=y,suspend=n,address=127.0.0.1:56556
Begin MonoManager ReloadAssembly
Registering precompiled unity dll's ...
Register platform support module: C:/Program Files/Unity/Hub/Editor/2020.3.26f1/Editor/Data/PlaybackEngines/WebGLSupport/UnityEditor.WebGL.Extensions.dll
Register platform support module: C:/Program Files/Unity/Hub/Editor/2020.3.26f1/Editor/Data/PlaybackEngines/WindowsStandaloneSupport/UnityEditor.WindowsStandalone.Extensions.dll
Registered in 0.002694 seconds.
Native extension for WindowsStandalone target not found
Native extension for WebGL target not found
Refreshing native plugins compatible for Editor in 270.67 ms, found 3 plugins.
Preloading 0 native plugins for Editor in 0.00 ms.
Mono: successfully reloaded assembly
- Completed reload, in  1.543 seconds
Domain Reload Profiling:
	ReloadAssembly (1544ms)
		BeginReloadAssembly (106ms)
			ExecutionOrderSort (0ms)
			DisableScriptedObjects (0ms)
			BackupInstance (0ms)
			ReleaseScriptingObjects (0ms)
			CreateAndSetChildDomain (3ms)
		EndReloadAssembly (1244ms)
			LoadAssemblies (105ms)
			RebuildTransferFunctionScriptingTraits (0ms)
			SetupTypeCache (360ms)
			ReleaseScriptCaches (0ms)
			RebuildScriptCaches (69ms)
			SetupLoadedEditorAssemblies (564ms)
				LogAssemblyErrors (0ms)
				InitializePlatformSupportModulesInManaged (12ms)
				SetLoadedEditorAssemblies (1ms)
				RefreshPlugins (271ms)
				BeforeProcessingInitializeOnLoad (24ms)
				ProcessInitializeOnLoadAttributes (199ms)
				ProcessInitializeOnLoadMethodAttributes (57ms)
				AfterProcessingInitializeOnLoad (0ms)
				EditorAssembliesLoaded (0ms)
			ExecutionOrderSort2 (0ms)
			AwakeInstancesAfterBackupRestoration (0ms)
Platform modules already initialized, skipping
Registering precompiled user dll's ...
Registered in 0.015199 seconds.
Begin MonoManager ReloadAssembly
Native extension for WindowsStandalone target not found
Native extension for WebGL target not found
Refreshing native plugins compatible for Editor in 301.22 ms, found 3 plugins.
Preloading 0 native plugins for Editor in 0.00 ms.
Mono: successfully reloaded assembly
- Completed reload, in  3.915 seconds
Domain Reload Profiling:
	ReloadAssembly (3917ms)
		BeginReloadAssembly (506ms)
			ExecutionOrderSort (0ms)
			DisableScriptedObjects (14ms)
			BackupInstance (0ms)
			ReleaseScriptingObjects (1ms)
			CreateAndSetChildDomain (71ms)
		EndReloadAssembly (3203ms)
			LoadAssemblies (441ms)
			RebuildTransferFunctionScriptingTraits (0ms)
			SetupTypeCache (1097ms)
			ReleaseScriptCaches (5ms)
			RebuildScriptCaches (278ms)
			SetupLoadedEditorAssemblies (1050ms)
				LogAssemblyErrors (0ms)
				InitializePlatformSupportModulesInManaged (14ms)
				SetLoadedEditorAssemblies (0ms)
				RefreshPlugins (301ms)
				BeforeProcessingInitializeOnLoad (198ms)
				ProcessInitializeOnLoadAttributes (485ms)
				ProcessInitializeOnLoadMethodAttributes (42ms)
				AfterProcessingInitializeOnLoad (8ms)
				EditorAssembliesLoaded (0ms)
			ExecutionOrderSort2 (0ms)
			AwakeInstancesAfterBackupRestoration (14ms)
Platform modules already initialized, skipping
========================================================================
Worker process is ready to serve import requests
Launched and connected shader compiler UnityShaderCompiler.exe after 0.10 seconds
Refreshing native plugins compatible for Editor in 3.04 ms, found 3 plugins.
Preloading 0 native plugins for Editor in 0.00 ms.
Unloading 3817 Unused Serialized files (Serialized files now loaded: 0)
System memory in use before: 158.5 MB.
System memory in use after: 158.7 MB.

Unloading 33 unused Assets to reduce memory usage. Loaded Objects now: 4252.
Total: 9.555200 ms (FindLiveObjects: 0.275200 ms CreateObjectMapping: 0.127200 ms MarkObjects: 8.980700 ms  DeleteObjects: 0.168700 ms)

AssetImportParameters requested are different than current active one (requested -> active):
  custom:framework-win-MediaFoundation: 216162199b28c13a410421893ffa2e32 -> 
  custom:video-decoder-ogg-theora: a1e56fd34408186e4bbccfd4996cb3dc -> 
  custom:container-muxer-webm: aa71ff27fc2769a1b78a27578f13a17b -> 
  custom:container-demuxer-webm: 4f35f7cbe854078d1ac9338744f61a02 -> 
  custom:container-demuxer-ogg: 62fdf1f143b41e24485cea50d1cbac27 -> 
  custom:video-encoder-webm-vp8: eb34c28f22e8b96e1ab97ce403110664 -> 
  custom:video-codec-MediaFoundation-h265: 746d11721c4dcdbdad8f713fa42b33f4 -> 
  custom:video-decoder-webm-vp8: 9c59270c3fd7afecdb556c50c9e8de78 -> 
  custom:audio-decoder-ogg-vorbis: bf7c407c2cedff20999df2af8eb42d56 -> 
  custom:audio-encoder-webm-vorbis: bf7c407c2cedff20999df2af8eb42d56 -> 
========================================================================
Received Import Request.
  path: Assets/2D Platformer Tileset/Sprites/Tileset_1/snow_9.asset
  artifactKey: Guid(3b4d43b9b042844439b233ea4ef3c451) Importer(815301076,1909f56bfc062723c751e8b465ee728b)
Start importing Assets/2D Platformer Tileset/Sprites/Tileset_1/snow_9.asset using Guid(3b4d43b9b042844439b233ea4ef3c451) Importer(815301076,1909f56bfc062723c751e8b465ee728b)  -> (artifact id: 'd8caa3874d8b6fe3b10dd6429a040f93') in 0.161771 seconds 
  Import took 0.171340 seconds .

========================================================================
Received Import Request.
  Time since last request: 0.000367 seconds.
  path: Assets/2D Platformer Tileset/Sprites/Tileset_1/snow_10.asset
  artifactKey: Guid(4028a1377446ca842a76276a14f9a053) Importer(815301076,1909f56bfc062723c751e8b465ee728b)
Start importing Assets/2D Platformer Tileset/Sprites/Tileset_1/snow_10.asset using Guid(4028a1377446ca842a76276a14f9a053) Importer(815301076,1909f56bfc062723c751e8b465ee728b)  -> (artifact id: '2f2f8f38fa0e1063a39f17b576d47db0') in 0.019727 seconds 
  Import took 0.030702 seconds .

========================================================================
Received Import Request.
  Time since last request: 0.000445 seconds.
  path: Assets/2D Platformer Tileset/Sprites/Tileset_1/snow_4.asset
  artifactKey: Guid(d1ab638fa285aa943b35b8bd7b5245ec) Importer(815301076,1909f56bfc062723c751e8b465ee728b)
Start importing Assets/2D Platformer Tileset/Sprites/Tileset_1/snow_4.asset using Guid(d1ab638fa285aa943b35b8bd7b5245ec) Importer(815301076,1909f56bfc062723c751e8b465ee728b)  -> (artifact id: 'f900f2b8f21dbc56d8b0b4ddf730dcb4') in 0.024846 seconds 
  Import took 0.032460 seconds .

========================================================================
Received Import Request.
  Time since last request: 0.000396 seconds.
  path: Assets/2D Platformer Tileset/Sprites/Tileset_1/Tileset_1 1.prefab
  artifactKey: Guid(db9157993d86c5e4884bd7a8ff18a5dc) Importer(815301076,1909f56bfc062723c751e8b465ee728b)
Start importing Assets/2D Platformer Tileset/Sprites/Tileset_1/Tileset_1 1.prefab using Guid(db9157993d86c5e4884bd7a8ff18a5dc) Importer(815301076,1909f56bfc062723c751e8b465ee728b)  -> (artifact id: '507dcbd3f5a290a169281d5b00403fb2') in 0.133348 seconds 
  Import took 0.145211 seconds .

========================================================================
Received Import Request.
  Time since last request: 0.000481 seconds.
  path: Assets/2D Platformer Tileset/Sprites/Tileset_1/snow_7.asset
  artifactKey: Guid(e6407692010802645b68caf56cd0e957) Importer(815301076,1909f56bfc062723c751e8b465ee728b)
Start importing Assets/2D Platformer Tileset/Sprites/Tileset_1/snow_7.asset using Guid(e6407692010802645b68caf56cd0e957) Importer(815301076,1909f56bfc062723c751e8b465ee728b)  -> (artifact id: '28d8a3f16e8239b21ba2318d38ba46a8') in 0.018240 seconds 
  Import took 0.029327 seconds .

========================================================================
Received Import Request.
  Time since last request: 78.764025 seconds.
  path: Assets/2D Platformer Tileset/Sprites/Objects/Snow/snow_4.asset
  artifactKey: Guid(cce8ccea7bb35ca49b3d0f885d80fefb) Importer(815301076,1909f56bfc062723c751e8b465ee728b)
Start importing Assets/2D Platformer Tileset/Sprites/Objects/Snow/snow_4.asset using Guid(cce8ccea7bb35ca49b3d0f885d80fefb) Importer(815301076,1909f56bfc062723c751e8b465ee728b)  -> (artifact id: '785cd598a38a5f4a00eed9a880b35541') in 0.024106 seconds 
  Import took 0.044782 seconds .

========================================================================
Received Import Request.
  Time since last request: 87.373513 seconds.
  path: Assets/2D Platformer Tileset/Sprites/Objects/Snow/snow_7.asset
  artifactKey: Guid(e1e6b51c4d2786c4ebb4639874ddfb2a) Importer(815301076,1909f56bfc062723c751e8b465ee728b)
Start importing Assets/2D Platformer Tileset/Sprites/Objects/Snow/snow_7.asset using Guid(e1e6b51c4d2786c4ebb4639874ddfb2a) Importer(815301076,1909f56bfc062723c751e8b465ee728b)  -> (artifact id: '442052d4f51fa1d2d30666f12f06e7e4') in 0.027004 seconds 
  Import took 0.047938 seconds .

========================================================================
Received Import Request.
  Time since last request: 14.448305 seconds.
  path: Assets/2D Platformer Tileset/Sprites/Objects/Snow/snow_9.asset
  artifactKey: Guid(93fd245a82cdd7d4ca4b23f811c5b33d) Importer(815301076,1909f56bfc062723c751e8b465ee728b)
Start importing Assets/2D Platformer Tileset/Sprites/Objects/Snow/snow_9.asset using Guid(93fd245a82cdd7d4ca4b23f811c5b33d) Importer(815301076,1909f56bfc062723c751e8b465ee728b)  -> (artifact id: 'c83ca1bd9817f1cb2183459a9b2ac6b6') in 0.029866 seconds 
  Import took 0.054393 seconds .

========================================================================
Received Import Request.
  Time since last request: 44.715228 seconds.
  path: Assets/2D Platformer Tileset/Sprites/Objects/Snow/snow_10.asset
  artifactKey: Guid(06fb6edb91751604d82c439d2bb0b14f) Importer(815301076,1909f56bfc062723c751e8b465ee728b)
Start importing Assets/2D Platformer Tileset/Sprites/Objects/Snow/snow_10.asset using Guid(06fb6edb91751604d82c439d2bb0b14f) Importer(815301076,1909f56bfc062723c751e8b465ee728b)  -> (artifact id: '81a70db8bcfa0bdb40c81209c5c4092a') in 0.025185 seconds 
  Import took 0.047295 seconds .

========================================================================
Received Import Request.
  Time since last request: 38.213526 seconds.
  path: Assets/2D Platformer Tileset/Sprites/Objects/Snow/snow_4.png
  artifactKey: Guid(62c63462ba8d3e3419587978b06e8f6e) Importer(815301076,1909f56bfc062723c751e8b465ee728b)
Start importing Assets/2D Platformer Tileset/Sprites/Objects/Snow/snow_4.png using Guid(62c63462ba8d3e3419587978b06e8f6e) Importer(815301076,1909f56bfc062723c751e8b465ee728b)  -> (artifact id: 'f15dc0b93288978bd498cf83b553060d') in 0.085770 seconds 
  Import took 0.099035 seconds .

========================================================================
Received Import Request.
  Time since last request: 146.692819 seconds.
  path: Assets/2D Platformer Tileset/Sprites/Objects/Snow/snow_10.png
  artifactKey: Guid(21361dc6772bf974f8a77e34a7d3577b) Importer(815301076,1909f56bfc062723c751e8b465ee728b)
Start importing Assets/2D Platformer Tileset/Sprites/Objects/Snow/snow_10.png using Guid(21361dc6772bf974f8a77e34a7d3577b) Importer(815301076,1909f56bfc062723c751e8b465ee728b)  -> (artifact id: '55c11e9add9efafb255b51223aa12172') in 0.038754 seconds 
  Import took 0.053484 seconds .

========================================================================
Received Import Request.
  Time since last request: 0.142994 seconds.
  path: Assets/2D Platformer Tileset/Sprites/Objects/Snow/snowdrift_1.png
  artifactKey: Guid(8f15c298df6091e40a6d19992c6e6279) Importer(815301076,1909f56bfc062723c751e8b465ee728b)
Start importing Assets/2D Platformer Tileset/Sprites/Objects/Snow/snowdrift_1.png using Guid(8f15c298df6091e40a6d19992c6e6279) Importer(815301076,1909f56bfc062723c751e8b465ee728b)  -> (artifact id: 'c176dd87ef0d9cd092fb01ab2a6b0712') in 0.037182 seconds 
  Import took 0.056153 seconds .

========================================================================
Received Import Request.
  Time since last request: 0.001219 seconds.
  path: Assets/2D Platformer Tileset/Sprites/Objects/Snow/snowdrift_4.png
  artifactKey: Guid(f7cf778493b08c34caf1ce5f16908f59) Importer(815301076,1909f56bfc062723c751e8b465ee728b)
Start importing Assets/2D Platformer Tileset/Sprites/Objects/Snow/snowdrift_4.png using Guid(f7cf778493b08c34caf1ce5f16908f59) Importer(815301076,1909f56bfc062723c751e8b465ee728b)  -> (artifact id: '4432c26b07f05b8a506011b1b1f7c311') in 0.040055 seconds 
  Import took 0.065420 seconds .

========================================================================
Received Import Request.
  Time since last request: 0.000528 seconds.
  path: Assets/2D Platformer Tileset/Sprites/Objects/Snow/snowdrift_5.png
  artifactKey: Guid(82ebf8979a02469428f5539d3fae6cfe) Importer(815301076,1909f56bfc062723c751e8b465ee728b)
Start importing Assets/2D Platformer Tileset/Sprites/Objects/Snow/snowdrift_5.png using Guid(82ebf8979a02469428f5539d3fae6cfe) Importer(815301076,1909f56bfc062723c751e8b465ee728b)  -> (artifact id: '7db6849414b7e50059b14f2ce601d245') in 0.046206 seconds 
  Import took 0.066245 seconds .

========================================================================
Received Import Request.
  Time since last request: 0.000693 seconds.
  path: Assets/2D Platformer Tileset/Sprites/Objects/Snow/snowdrift_2.png
  artifactKey: Guid(528a779a631d0a749ad308d9b3188f46) Importer(815301076,1909f56bfc062723c751e8b465ee728b)
Start importing Assets/2D Platformer Tileset/Sprites/Objects/Snow/snowdrift_2.png using Guid(528a779a631d0a749ad308d9b3188f46) Importer(815301076,1909f56bfc062723c751e8b465ee728b)  -> (artifact id: 'c5057920a989906ee874ff42ba6ba122') in 0.036773 seconds 
  Import took 0.053527 seconds .

========================================================================
Received Import Request.
  Time since last request: 0.008579 seconds.
  path: Assets/2D Platformer Tileset/Sprites/Objects/Snow/snowdrift_3.png
  artifactKey: Guid(4a4d3befa4f31a943bd95e089682fdc9) Importer(815301076,1909f56bfc062723c751e8b465ee728b)
Start importing Assets/2D Platformer Tileset/Sprites/Objects/Snow/snowdrift_3.png using Guid(4a4d3befa4f31a943bd95e089682fdc9) Importer(815301076,1909f56bfc062723c751e8b465ee728b)  -> (artifact id: '6e75741ecacc602c14dc49ed0bc51fff') in 0.048925 seconds 
  Import took 0.067246 seconds .

========================================================================
Received Import Request.
  Time since last request: 1.532709 seconds.
  path: Assets/2D Platformer Tileset/Sprites/Objects/Snow/snow_12.png
  artifactKey: Guid(46c37d96eec39644a9eaa44e03fa1082) Importer(815301076,1909f56bfc062723c751e8b465ee728b)
Start importing Assets/2D Platformer Tileset/Sprites/Objects/Snow/snow_12.png using Guid(46c37d96eec39644a9eaa44e03fa1082) Importer(815301076,1909f56bfc062723c751e8b465ee728b)  -> (artifact id: 'a9abd0bc5cb37397927fbe2ea369a4a5') in 0.031875 seconds 
  Import took 0.040779 seconds .

========================================================================
Received Import Request.
  Time since last request: 0.000449 seconds.
  path: Assets/2D Platformer Tileset/Sprites/Objects/Snow/snow_11.png
  artifactKey: Guid(2a9b3e3062f21724eb605fc281de98f0) Importer(815301076,1909f56bfc062723c751e8b465ee728b)
Start importing Assets/2D Platformer Tileset/Sprites/Objects/Snow/snow_11.png using Guid(2a9b3e3062f21724eb605fc281de98f0) Importer(815301076,1909f56bfc062723c751e8b465ee728b)  -> (artifact id: '3b9feeecf1a6bfea3b25972d9d87c5cd') in 0.033042 seconds 
  Import took 0.051115 seconds .

========================================================================
Received Import Request.
  Time since last request: 10.223408 seconds.
  path: Assets/2D Platformer Tileset/Sprites/Objects/Snow/snow_9.png
  artifactKey: Guid(755d5062faabbf942801c1e67fefd2e2) Importer(815301076,1909f56bfc062723c751e8b465ee728b)
Start importing Assets/2D Platformer Tileset/Sprites/Objects/Snow/snow_9.png using Guid(755d5062faabbf942801c1e67fefd2e2) Importer(815301076,1909f56bfc062723c751e8b465ee728b)  -> (artifact id: '0b28b37b49d00fdca91c96aad8c802e5') in 0.045434 seconds 
  Import took 0.065816 seconds .

========================================================================
Received Import Request.
  Time since last request: 8.189131 seconds.
  path: Assets/2D Platformer Tileset/Sprites/Objects/Snow/snow_7.png
  artifactKey: Guid(1125dcd987c866f4199a2521e112ba43) Importer(815301076,1909f56bfc062723c751e8b465ee728b)
Start importing Assets/2D Platformer Tileset/Sprites/Objects/Snow/snow_7.png using Guid(1125dcd987c866f4199a2521e112ba43) Importer(815301076,1909f56bfc062723c751e8b465ee728b)  -> (artifact id: '8b57b8c4a433146e76629d1ea6ca9ae7') in 0.026715 seconds 
  Import took 0.043164 seconds .

========================================================================
Received Import Request.
  Time since last request: 0.000434 seconds.
  path: Assets/2D Platformer Tileset/Sprites/Objects/Snow/snow_8.png
  artifactKey: Guid(94b002f9bcd747640a75e964df4a45eb) Importer(815301076,1909f56bfc062723c751e8b465ee728b)
Start importing Assets/2D Platformer Tileset/Sprites/Objects/Snow/snow_8.png using Guid(94b002f9bcd747640a75e964df4a45eb) Importer(815301076,1909f56bfc062723c751e8b465ee728b)  -> (artifact id: '8567a36438ceca69a92c1d76c65b5087') in 0.033570 seconds 
  Import took 0.043703 seconds .

========================================================================
Received Import Request.
  Time since last request: 9.748928 seconds.
  path: Assets/2D Platformer Tileset/Sprites/Objects/Snow/snow_5.png
  artifactKey: Guid(8b6af3860f5afdd449ddb8766783538a) Importer(815301076,1909f56bfc062723c751e8b465ee728b)
Start importing Assets/2D Platformer Tileset/Sprites/Objects/Snow/snow_5.png using Guid(8b6af3860f5afdd449ddb8766783538a) Importer(815301076,1909f56bfc062723c751e8b465ee728b)  -> (artifact id: '3e7dccd397bcd6096c023570af23c4d1') in 0.048893 seconds 
  Import took 0.077294 seconds .

========================================================================
Received Import Request.
  Time since last request: 0.000919 seconds.
  path: Assets/2D Platformer Tileset/Sprites/Objects/Snow/snow_6.png
  artifactKey: Guid(fdc6f400e4f454748978e04c9dc41990) Importer(815301076,1909f56bfc062723c751e8b465ee728b)
Start importing Assets/2D Platformer Tileset/Sprites/Objects/Snow/snow_6.png using Guid(fdc6f400e4f454748978e04c9dc41990) Importer(815301076,1909f56bfc062723c751e8b465ee728b)  -> (artifact id: '5f23a6b40f51371c4f84bb7014c88a62') in 0.035193 seconds 
  Import took 0.064712 seconds .

========================================================================
Received Import Request.
  Time since last request: 8.727077 seconds.
  path: Assets/2D Platformer Tileset/Sprites/Objects/Snow/ice_1.png
  artifactKey: Guid(756d2a354a7d9e24580d2802c8fcb12b) Importer(815301076,1909f56bfc062723c751e8b465ee728b)
Start importing Assets/2D Platformer Tileset/Sprites/Objects/Snow/ice_1.png using Guid(756d2a354a7d9e24580d2802c8fcb12b) Importer(815301076,1909f56bfc062723c751e8b465ee728b)  -> (artifact id: 'c1e1483232001ab0532a40dc391c78ad') in 0.034188 seconds 
  Import took 0.058282 seconds .

========================================================================
Received Import Request.
  Time since last request: 0.000428 seconds.
  path: Assets/2D Platformer Tileset/Sprites/Objects/Snow/ice_3.png
  artifactKey: Guid(a6633c5bc3a9803478299ca1173d3c78) Importer(815301076,1909f56bfc062723c751e8b465ee728b)
Start importing Assets/2D Platformer Tileset/Sprites/Objects/Snow/ice_3.png using Guid(a6633c5bc3a9803478299ca1173d3c78) Importer(815301076,1909f56bfc062723c751e8b465ee728b)  -> (artifact id: '6fb87f5606d92a833c4ea2806030a933') in 0.036508 seconds 
  Import took 0.059365 seconds .

========================================================================
Received Import Request.
  Time since last request: 0.000817 seconds.
  path: Assets/2D Platformer Tileset/Sprites/Objects/Snow/ice_6.png
  artifactKey: Guid(48f1e5b64acfed5408aff3c738a49b04) Importer(815301076,1909f56bfc062723c751e8b465ee728b)
Start importing Assets/2D Platformer Tileset/Sprites/Objects/Snow/ice_6.png using Guid(48f1e5b64acfed5408aff3c738a49b04) Importer(815301076,1909f56bfc062723c751e8b465ee728b)  -> (artifact id: '5f4a26705a50e84b3d732ba868e662f1') in 0.037229 seconds 
  Import took 0.053447 seconds .

========================================================================
Received Import Request.
  Time since last request: 0.000610 seconds.
  path: Assets/2D Platformer Tileset/Sprites/Objects/Snow/ice_4.png
  artifactKey: Guid(e392515b76c20f24e9a588a28f9a7dac) Importer(815301076,1909f56bfc062723c751e8b465ee728b)
Start importing Assets/2D Platformer Tileset/Sprites/Objects/Snow/ice_4.png using Guid(e392515b76c20f24e9a588a28f9a7dac) Importer(815301076,1909f56bfc062723c751e8b465ee728b)  -> (artifact id: 'cd7b2b16cf32f238baab091f29bfe804') in 0.050107 seconds 
  Import took 0.068993 seconds .

========================================================================
Received Import Request.
  Time since last request: 0.000413 seconds.
  path: Assets/2D Platformer Tileset/Sprites/Objects/Snow/ice_5.png
  artifactKey: Guid(8182ace2b0a56f74ab95114010dfa0f5) Importer(815301076,1909f56bfc062723c751e8b465ee728b)
Start importing Assets/2D Platformer Tileset/Sprites/Objects/Snow/ice_5.png using Guid(8182ace2b0a56f74ab95114010dfa0f5) Importer(815301076,1909f56bfc062723c751e8b465ee728b)  -> (artifact id: '88212b0085beb1274da97b60e466c417') in 0.038260 seconds 
  Import took 0.063486 seconds .

========================================================================
Received Import Request.
  Time since last request: 0.000554 seconds.
  path: Assets/2D Platformer Tileset/Sprites/Objects/Snow/ice_2.png
  artifactKey: Guid(0966dd2681e46784da93e620644e14cb) Importer(815301076,1909f56bfc062723c751e8b465ee728b)
Start importing Assets/2D Platformer Tileset/Sprites/Objects/Snow/ice_2.png using Guid(0966dd2681e46784da93e620644e14cb) Importer(815301076,1909f56bfc062723c751e8b465ee728b)  -> (artifact id: '3de1d85318a9681a0556b04550e01822') in 0.041722 seconds 
  Import took 0.054675 seconds .

========================================================================
Received Import Request.
  Time since last request: 0.001493 seconds.
  path: Assets/2D Platformer Tileset/Sprites/Objects/Snow/icicle_1.png
  artifactKey: Guid(b83faeca364a3d74a87068f42fec6ddd) Importer(815301076,1909f56bfc062723c751e8b465ee728b)
Start importing Assets/2D Platformer Tileset/Sprites/Objects/Snow/icicle_1.png using Guid(b83faeca364a3d74a87068f42fec6ddd) Importer(815301076,1909f56bfc062723c751e8b465ee728b)  -> (artifact id: '363e013f07b90ee814df351bd645daaf') in 0.040726 seconds 
  Import took 0.060317 seconds .

========================================================================
Received Import Request.
  Time since last request: 12.915624 seconds.
  path: Assets/2D Platformer Tileset/Sprites/Objects/Snow/icicle_2.png
  artifactKey: Guid(577c0a94691a92b4c894f3fe584bf7fc) Importer(815301076,1909f56bfc062723c751e8b465ee728b)
Start importing Assets/2D Platformer Tileset/Sprites/Objects/Snow/icicle_2.png using Guid(577c0a94691a92b4c894f3fe584bf7fc) Importer(815301076,1909f56bfc062723c751e8b465ee728b)  -> (artifact id: 'ca959dcc8cb7405c8c10e9f4c7fbff0a') in 0.049240 seconds 
  Import took 0.069645 seconds .

========================================================================
Received Import Request.
  Time since last request: 0.000267 seconds.
  path: Assets/2D Platformer Tileset/Sprites/Objects/Snow/icicle_4.png
  artifactKey: Guid(015e6d5c0859eac4bb9afc934ecfdff7) Importer(815301076,1909f56bfc062723c751e8b465ee728b)
Start importing Assets/2D Platformer Tileset/Sprites/Objects/Snow/icicle_4.png using Guid(015e6d5c0859eac4bb9afc934ecfdff7) Importer(815301076,1909f56bfc062723c751e8b465ee728b)  -> (artifact id: '69187230fb47af6bc149750f6c537441') in 0.039009 seconds 
  Import took 0.054448 seconds .

========================================================================
Received Import Request.
  Time since last request: 0.001019 seconds.
  path: Assets/2D Platformer Tileset/Sprites/Objects/Snow/icicle_3.png
  artifactKey: Guid(7d8eb487a2a9de54f832ff975fa840a2) Importer(815301076,1909f56bfc062723c751e8b465ee728b)
Start importing Assets/2D Platformer Tileset/Sprites/Objects/Snow/icicle_3.png using Guid(7d8eb487a2a9de54f832ff975fa840a2) Importer(815301076,1909f56bfc062723c751e8b465ee728b)  -> (artifact id: 'e274a9f5887bf97438dd3098122d6cd2') in 0.034497 seconds 
  Import took 0.053991 seconds .

========================================================================
Received Import Request.
  Time since last request: 0.179866 seconds.
  path: Assets/2D Platformer Tileset/Sprites/Objects/Snow/icicle_5.png
  artifactKey: Guid(3e37857457bd78c498edbc4433159191) Importer(815301076,1909f56bfc062723c751e8b465ee728b)
Start importing Assets/2D Platformer Tileset/Sprites/Objects/Snow/icicle_5.png using Guid(3e37857457bd78c498edbc4433159191) Importer(815301076,1909f56bfc062723c751e8b465ee728b)  -> (artifact id: 'd6d8c8988d1e9a7c831e045fe34e44b4') in 0.033995 seconds 
  Import took 0.050758 seconds .

========================================================================
Received Import Request.
  Time since last request: 0.000577 seconds.
  path: Assets/2D Platformer Tileset/Sprites/Objects/Snow/icicle_6.png
  artifactKey: Guid(f875611bde8f48348852e9c6ce3f0323) Importer(815301076,1909f56bfc062723c751e8b465ee728b)
Start importing Assets/2D Platformer Tileset/Sprites/Objects/Snow/icicle_6.png using Guid(f875611bde8f48348852e9c6ce3f0323) Importer(815301076,1909f56bfc062723c751e8b465ee728b)  -> (artifact id: '57595e4a4ffe8d5ca5d11723cbcfe624') in 0.044547 seconds 
  Import took 0.056113 seconds .

========================================================================
Received Import Request.
  Time since last request: 0.279913 seconds.
  path: Assets/2D Platformer Tileset/Sprites/Objects/Snow/snow_1.png
  artifactKey: Guid(aebb11d874496724b8a33d7e5b003d64) Importer(815301076,1909f56bfc062723c751e8b465ee728b)
Start importing Assets/2D Platformer Tileset/Sprites/Objects/Snow/snow_1.png using Guid(aebb11d874496724b8a33d7e5b003d64) Importer(815301076,1909f56bfc062723c751e8b465ee728b)  -> (artifact id: '2976c66bef0a5c5dc289b06bcfe0235a') in 0.035594 seconds 
  Import took 0.061267 seconds .

========================================================================
Received Import Request.
  Time since last request: 0.000356 seconds.
  path: Assets/2D Platformer Tileset/Sprites/Objects/Snow/snow_2.png
  artifactKey: Guid(6882c3adefd3d32409bb92f6d37b7a83) Importer(815301076,1909f56bfc062723c751e8b465ee728b)
Start importing Assets/2D Platformer Tileset/Sprites/Objects/Snow/snow_2.png using Guid(6882c3adefd3d32409bb92f6d37b7a83) Importer(815301076,1909f56bfc062723c751e8b465ee728b)  -> (artifact id: 'c6426070fd4944c560c8b283d5c059d4') in 0.033712 seconds 
  Import took 0.049270 seconds .

========================================================================
Received Import Request.
  Time since last request: 0.441419 seconds.
  path: Assets/2D Platformer Tileset/Sprites/Objects/Snow/snow_3.png
  artifactKey: Guid(2f8e9147de9defc4c9bd5486d5258286) Importer(815301076,1909f56bfc062723c751e8b465ee728b)
Start importing Assets/2D Platformer Tileset/Sprites/Objects/Snow/snow_3.png using Guid(2f8e9147de9defc4c9bd5486d5258286) Importer(815301076,1909f56bfc062723c751e8b465ee728b)  -> (artifact id: '42e6d6e8a12aaf7c0f5225a5048962bf') in 0.052459 seconds 
  Import took 0.077756 seconds .

========================================================================
Received Import Request.
  Time since last request: 74.649337 seconds.
  path: Assets/Scenes/Test.unity
  artifactKey: Guid(daad5670b13d4ed48a5224defd92006c) Importer(815301076,1909f56bfc062723c751e8b465ee728b)
Start importing Assets/Scenes/Test.unity using Guid(daad5670b13d4ed48a5224defd92006c) Importer(815301076,1909f56bfc062723c751e8b465ee728b)  -> (artifact id: 'd0ada273bd43016488bc8041505184b9') in 0.006709 seconds 
  Import took 0.022180 seconds .

========================================================================
Received Import Request.
  Time since last request: 6.490102 seconds.
  path: Assets/Scenes/Level0.unity
  artifactKey: Guid(92948b3be5506ce4a8a816d2c40b6981) Importer(815301076,1909f56bfc062723c751e8b465ee728b)
Start importing Assets/Scenes/Level0.unity using Guid(92948b3be5506ce4a8a816d2c40b6981) Importer(815301076,1909f56bfc062723c751e8b465ee728b)  -> (artifact id: '0a77036dc277094be07b2d382a0e66f2') in 0.003207 seconds 
  Import took 0.015552 seconds .

========================================================================
Received Import Request.
  Time since last request: 145.393123 seconds.
  path: Assets/Scenes/Level0.unity
  artifactKey: Guid(92948b3be5506ce4a8a816d2c40b6981) Importer(815301076,1909f56bfc062723c751e8b465ee728b)
Start importing Assets/Scenes/Level0.unity using Guid(92948b3be5506ce4a8a816d2c40b6981) Importer(815301076,1909f56bfc062723c751e8b465ee728b)  -> (artifact id: 'b49e55cca601f57c69cea50fecdbd15b') in 0.013048 seconds 
  Import took 0.029816 seconds .

========================================================================
Received Prepare
Registering precompiled user dll's ...
Registered in 0.025295 seconds.
Begin MonoManager ReloadAssembly
Native extension for WindowsStandalone target not found
Native extension for WebGL target not found
Refreshing native plugins compatible for Editor in 1.07 ms, found 3 plugins.
Preloading 0 native plugins for Editor in 0.00 ms.
Mono: successfully reloaded assembly
- Completed reload, in  2.416 seconds
Domain Reload Profiling:
	ReloadAssembly (2417ms)
		BeginReloadAssembly (264ms)
			ExecutionOrderSort (0ms)
			DisableScriptedObjects (15ms)
			BackupInstance (0ms)
			ReleaseScriptingObjects (0ms)
			CreateAndSetChildDomain (90ms)
		EndReloadAssembly (2016ms)
			LoadAssemblies (244ms)
			RebuildTransferFunctionScriptingTraits (0ms)
			SetupTypeCache (761ms)
			ReleaseScriptCaches (6ms)
			RebuildScriptCaches (87ms)
			SetupLoadedEditorAssemblies (754ms)
				LogAssemblyErrors (0ms)
				InitializePlatformSupportModulesInManaged (6ms)
				SetLoadedEditorAssemblies (1ms)
				RefreshPlugins (1ms)
				BeforeProcessingInitializeOnLoad (163ms)
				ProcessInitializeOnLoadAttributes (550ms)
				ProcessInitializeOnLoadMethodAttributes (20ms)
				AfterProcessingInitializeOnLoad (12ms)
				EditorAssembliesLoaded (0ms)
			ExecutionOrderSort2 (0ms)
			AwakeInstancesAfterBackupRestoration (19ms)
Platform modules already initialized, skipping
Refreshing native plugins compatible for Editor in 1.83 ms, found 3 plugins.
Preloading 0 native plugins for Editor in 0.00 ms.
Unloading 3748 Unused Serialized files (Serialized files now loaded: 0)
System memory in use before: 155.9 MB.
System memory in use after: 156.2 MB.

Unloading 20 unused Assets to reduce memory usage. Loaded Objects now: 4316.
Total: 6.466700 ms (FindLiveObjects: 0.563200 ms CreateObjectMapping: 0.136500 ms MarkObjects: 5.731800 ms  DeleteObjects: 0.032900 ms)

AssetImportParameters requested are different than current active one (requested -> active):
  custom:framework-win-MediaFoundation: 216162199b28c13a410421893ffa2e32 -> 
  custom:video-decoder-ogg-theora: a1e56fd34408186e4bbccfd4996cb3dc -> 
  custom:container-muxer-webm: aa71ff27fc2769a1b78a27578f13a17b -> 
  custom:container-demuxer-webm: 4f35f7cbe854078d1ac9338744f61a02 -> 
  custom:container-demuxer-ogg: 62fdf1f143b41e24485cea50d1cbac27 -> 
  custom:video-encoder-webm-vp8: eb34c28f22e8b96e1ab97ce403110664 -> 
  custom:video-codec-MediaFoundation-h265: 746d11721c4dcdbdad8f713fa42b33f4 -> 
  custom:video-decoder-webm-vp8: 9c59270c3fd7afecdb556c50c9e8de78 -> 
  custom:audio-decoder-ogg-vorbis: bf7c407c2cedff20999df2af8eb42d56 -> 
  custom:audio-encoder-webm-vorbis: bf7c407c2cedff20999df2af8eb42d56 -> 
========================================================================
Received Import Request.
  Time since last request: 1138.109648 seconds.
  path: Assets/Scenes/Level3.unity
  artifactKey: Guid(cdeccebac72f7d64ba9329c0a84b2bb0) Importer(815301076,1909f56bfc062723c751e8b465ee728b)
Start importing Assets/Scenes/Level3.unity using Guid(cdeccebac72f7d64ba9329c0a84b2bb0) Importer(815301076,1909f56bfc062723c751e8b465ee728b)  -> (artifact id: '6c7b2cc9ec05a8339552ab3f708a3fdd') in 0.051216 seconds 
  Import took 0.066886 seconds .

========================================================================
Received Import Request.
  Time since last request: 57.949628 seconds.
  path: Assets/Scenes/Level4.unity
  artifactKey: Guid(6702dc3fc7cb1d04a8b80a6782348273) Importer(815301076,1909f56bfc062723c751e8b465ee728b)
Start importing Assets/Scenes/Level4.unity using Guid(6702dc3fc7cb1d04a8b80a6782348273) Importer(815301076,1909f56bfc062723c751e8b465ee728b)  -> (artifact id: 'db80e8a792b84b290c6201883f50f2a1') in 0.009524 seconds 
  Import took 0.028542 seconds .

========================================================================
Received Import Request.
  Time since last request: 3.559935 seconds.
  path: Assets/Scenes/Sample_1.unity
  artifactKey: Guid(3b3b4acd018625b4baa4627ec1d763ff) Importer(815301076,1909f56bfc062723c751e8b465ee728b)
Start importing Assets/Scenes/Sample_1.unity using Guid(3b3b4acd018625b4baa4627ec1d763ff) Importer(815301076,1909f56bfc062723c751e8b465ee728b)  -> (artifact id: '6c8880db8f6ee70e12e6ec89b6389440') in 0.010571 seconds 
  Import took 0.022916 seconds .

========================================================================
Received Import Request.
  Time since last request: 14.516516 seconds.
  path: Assets/Scenes/Level2.unity
  artifactKey: Guid(d1a820bcc3853394f833cac482ab078d) Importer(815301076,1909f56bfc062723c751e8b465ee728b)
Start importing Assets/Scenes/Level2.unity using Guid(d1a820bcc3853394f833cac482ab078d) Importer(815301076,1909f56bfc062723c751e8b465ee728b)  -> (artifact id: '4c449f6ca1f3e9166aca825e60845197') in 0.006903 seconds 
  Import took 0.027616 seconds .

========================================================================
Received Import Request.
  Time since last request: 6.954920 seconds.
  path: Assets/2D Platformer Tileset/Sprites/Tileset_1/snow_4.asset
  artifactKey: Guid(d1ab638fa285aa943b35b8bd7b5245ec) Importer(815301076,1909f56bfc062723c751e8b465ee728b)
Start importing Assets/2D Platformer Tileset/Sprites/Tileset_1/snow_4.asset using Guid(d1ab638fa285aa943b35b8bd7b5245ec) Importer(815301076,1909f56bfc062723c751e8b465ee728b)  -> (artifact id: '8ea03093c7414621ce1a4d654607f5ca') in 0.074094 seconds 
  Import took 0.094100 seconds .

========================================================================
Received Import Request.
  Time since last request: 0.000584 seconds.
  path: Assets/2D Platformer Tileset/Sprites/Tileset_1/Tileset_1.prefab
  artifactKey: Guid(3d0f6535bcc74f8439ca394bda4fba50) Importer(815301076,1909f56bfc062723c751e8b465ee728b)
Start importing Assets/2D Platformer Tileset/Sprites/Tileset_1/Tileset_1.prefab using Guid(3d0f6535bcc74f8439ca394bda4fba50) Importer(815301076,1909f56bfc062723c751e8b465ee728b)  -> (artifact id: '4d70bb80584e8c4ad5c892c45102179a') in 0.166028 seconds 
  Import took 0.181335 seconds .

========================================================================
Received Import Request.
  Time since last request: 40.514527 seconds.
  path: Assets/2D Platformer Tileset/Sprites/Tileset/tileset_2.png
  artifactKey: Guid(e351b9cc734436749881d3074ac15ae6) Importer(815301076,1909f56bfc062723c751e8b465ee728b)
Start importing Assets/2D Platformer Tileset/Sprites/Tileset/tileset_2.png using Guid(e351b9cc734436749881d3074ac15ae6) Importer(815301076,1909f56bfc062723c751e8b465ee728b)  -> (artifact id: 'e6ae5405d1d09ccc8bd70580724490f8') in 1.319332 seconds 
  Import took 1.352695 seconds .

========================================================================
Received Import Request.
  Time since last request: 14.883885 seconds.
  path: Assets/2D Platformer Tileset/Sprites/Tileset/tileset_3.png
  artifactKey: Guid(230dce2d28f76894d9e9c7a6f20ce568) Importer(815301076,1909f56bfc062723c751e8b465ee728b)
Start importing Assets/2D Platformer Tileset/Sprites/Tileset/tileset_3.png using Guid(230dce2d28f76894d9e9c7a6f20ce568) Importer(815301076,1909f56bfc062723c751e8b465ee728b)  -> (artifact id: 'c7cba5af3442b3d43cc66803a314bda4') in 1.323853 seconds 
  Import took 1.340916 seconds .

========================================================================
Received Prepare
Registering precompiled user dll's ...
Registered in 0.009095 seconds.
Begin MonoManager ReloadAssembly
Native extension for WindowsStandalone target not found
Native extension for WebGL target not found
Refreshing native plugins compatible for Editor in 1.95 ms, found 3 plugins.
Preloading 0 native plugins for Editor in 0.00 ms.
Mono: successfully reloaded assembly
- Completed reload, in  1.797 seconds
Domain Reload Profiling:
	ReloadAssembly (1803ms)
		BeginReloadAssembly (307ms)
			ExecutionOrderSort (0ms)
			DisableScriptedObjects (20ms)
			BackupInstance (0ms)
			ReleaseScriptingObjects (1ms)
			CreateAndSetChildDomain (160ms)
		EndReloadAssembly (1410ms)
			LoadAssemblies (148ms)
			RebuildTransferFunctionScriptingTraits (0ms)
			SetupTypeCache (576ms)
			ReleaseScriptCaches (3ms)
			RebuildScriptCaches (63ms)
			SetupLoadedEditorAssemblies (458ms)
				LogAssemblyErrors (0ms)
				InitializePlatformSupportModulesInManaged (9ms)
				SetLoadedEditorAssemblies (1ms)
				RefreshPlugins (2ms)
				BeforeProcessingInitializeOnLoad (109ms)
				ProcessInitializeOnLoadAttributes (319ms)
				ProcessInitializeOnLoadMethodAttributes (11ms)
				AfterProcessingInitializeOnLoad (7ms)
				EditorAssembliesLoaded (0ms)
			ExecutionOrderSort2 (0ms)
			AwakeInstancesAfterBackupRestoration (9ms)
Platform modules already initialized, skipping
Refreshing native plugins compatible for Editor in 3.82 ms, found 3 plugins.
Preloading 0 native plugins for Editor in 0.00 ms.
Unloading 3748 Unused Serialized files (Serialized files now loaded: 0)
System memory in use before: 156.1 MB.
System memory in use after: 156.3 MB.

Unloading 20 unused Assets to reduce memory usage. Loaded Objects now: 4322.
Total: 9.816900 ms (FindLiveObjects: 0.566600 ms CreateObjectMapping: 0.350500 ms MarkObjects: 8.684400 ms  DeleteObjects: 0.212500 ms)

AssetImportParameters requested are different than current active one (requested -> active):
  custom:framework-win-MediaFoundation: 216162199b28c13a410421893ffa2e32 -> 
  custom:video-decoder-ogg-theora: a1e56fd34408186e4bbccfd4996cb3dc -> 
  custom:container-muxer-webm: aa71ff27fc2769a1b78a27578f13a17b -> 
  custom:container-demuxer-webm: 4f35f7cbe854078d1ac9338744f61a02 -> 
  custom:container-demuxer-ogg: 62fdf1f143b41e24485cea50d1cbac27 -> 
  custom:video-encoder-webm-vp8: eb34c28f22e8b96e1ab97ce403110664 -> 
  custom:video-codec-MediaFoundation-h265: 746d11721c4dcdbdad8f713fa42b33f4 -> 
  custom:video-decoder-webm-vp8: 9c59270c3fd7afecdb556c50c9e8de78 -> 
  custom:audio-decoder-ogg-vorbis: bf7c407c2cedff20999df2af8eb42d56 -> 
  custom:audio-encoder-webm-vorbis: bf7c407c2cedff20999df2af8eb42d56 -> 
========================================================================
Received Prepare
Registering precompiled user dll's ...
Registered in 0.008154 seconds.
Begin MonoManager ReloadAssembly
Native extension for WindowsStandalone target not found
Native extension for WebGL target not found
Refreshing native plugins compatible for Editor in 1.55 ms, found 3 plugins.
Preloading 0 native plugins for Editor in 0.00 ms.
Mono: successfully reloaded assembly
- Completed reload, in  1.393 seconds
Domain Reload Profiling:
	ReloadAssembly (1394ms)
		BeginReloadAssembly (148ms)
			ExecutionOrderSort (0ms)
			DisableScriptedObjects (9ms)
			BackupInstance (0ms)
			ReleaseScriptingObjects (0ms)
			CreateAndSetChildDomain (49ms)
		EndReloadAssembly (1180ms)
			LoadAssemblies (109ms)
			RebuildTransferFunctionScriptingTraits (0ms)
			SetupTypeCache (373ms)
			ReleaseScriptCaches (3ms)
			RebuildScriptCaches (73ms)
			SetupLoadedEditorAssemblies (461ms)
				LogAssemblyErrors (0ms)
				InitializePlatformSupportModulesInManaged (5ms)
				SetLoadedEditorAssemblies (0ms)
				RefreshPlugins (2ms)
				BeforeProcessingInitializeOnLoad (108ms)
				ProcessInitializeOnLoadAttributes (330ms)
				ProcessInitializeOnLoadMethodAttributes (10ms)
				AfterProcessingInitializeOnLoad (7ms)
				EditorAssembliesLoaded (0ms)
			ExecutionOrderSort2 (0ms)
			AwakeInstancesAfterBackupRestoration (8ms)
Platform modules already initialized, skipping
Refreshing native plugins compatible for Editor in 1.51 ms, found 3 plugins.
Preloading 0 native plugins for Editor in 0.00 ms.
Unloading 3748 Unused Serialized files (Serialized files now loaded: 0)
System memory in use before: 156.1 MB.
System memory in use after: 156.3 MB.

Unloading 20 unused Assets to reduce memory usage. Loaded Objects now: 4324.
Total: 5.099900 ms (FindLiveObjects: 0.446900 ms CreateObjectMapping: 0.209700 ms MarkObjects: 4.270700 ms  DeleteObjects: 0.170300 ms)

AssetImportParameters requested are different than current active one (requested -> active):
  custom:framework-win-MediaFoundation: 216162199b28c13a410421893ffa2e32 -> 
  custom:video-decoder-ogg-theora: a1e56fd34408186e4bbccfd4996cb3dc -> 
  custom:container-muxer-webm: aa71ff27fc2769a1b78a27578f13a17b -> 
  custom:container-demuxer-webm: 4f35f7cbe854078d1ac9338744f61a02 -> 
  custom:container-demuxer-ogg: 62fdf1f143b41e24485cea50d1cbac27 -> 
  custom:video-encoder-webm-vp8: eb34c28f22e8b96e1ab97ce403110664 -> 
  custom:video-codec-MediaFoundation-h265: 746d11721c4dcdbdad8f713fa42b33f4 -> 
  custom:video-decoder-webm-vp8: 9c59270c3fd7afecdb556c50c9e8de78 -> 
  custom:audio-decoder-ogg-vorbis: bf7c407c2cedff20999df2af8eb42d56 -> 
  custom:audio-encoder-webm-vorbis: bf7c407c2cedff20999df2af8eb42d56 -> 
========================================================================
Received Prepare
Registering precompiled user dll's ...
Registered in 0.010928 seconds.
Begin MonoManager ReloadAssembly
Native extension for WindowsStandalone target not found
Native extension for WebGL target not found
Refreshing native plugins compatible for Editor in 1.22 ms, found 3 plugins.
Preloading 0 native plugins for Editor in 0.00 ms.
Mono: successfully reloaded assembly
- Completed reload, in  1.995 seconds
Domain Reload Profiling:
	ReloadAssembly (1996ms)
		BeginReloadAssembly (195ms)
			ExecutionOrderSort (0ms)
			DisableScriptedObjects (13ms)
			BackupInstance (0ms)
			ReleaseScriptingObjects (0ms)
			CreateAndSetChildDomain (65ms)
		EndReloadAssembly (1701ms)
			LoadAssemblies (163ms)
			RebuildTransferFunctionScriptingTraits (0ms)
			SetupTypeCache (540ms)
			ReleaseScriptCaches (3ms)
			RebuildScriptCaches (90ms)
			SetupLoadedEditorAssemblies (710ms)
				LogAssemblyErrors (0ms)
				InitializePlatformSupportModulesInManaged (8ms)
				SetLoadedEditorAssemblies (1ms)
				RefreshPlugins (1ms)
				BeforeProcessingInitializeOnLoad (137ms)
				ProcessInitializeOnLoadAttributes (535ms)
				ProcessInitializeOnLoadMethodAttributes (18ms)
				AfterProcessingInitializeOnLoad (10ms)
				EditorAssembliesLoaded (0ms)
			ExecutionOrderSort2 (0ms)
			AwakeInstancesAfterBackupRestoration (18ms)
Platform modules already initialized, skipping
Refreshing native plugins compatible for Editor in 1.80 ms, found 3 plugins.
Preloading 0 native plugins for Editor in 0.00 ms.
Unloading 3748 Unused Serialized files (Serialized files now loaded: 0)
System memory in use before: 156.1 MB.
System memory in use after: 156.4 MB.

Unloading 20 unused Assets to reduce memory usage. Loaded Objects now: 4326.
Total: 5.415400 ms (FindLiveObjects: 0.557300 ms CreateObjectMapping: 0.282800 ms MarkObjects: 4.374600 ms  DeleteObjects: 0.198900 ms)

AssetImportParameters requested are different than current active one (requested -> active):
  custom:framework-win-MediaFoundation: 216162199b28c13a410421893ffa2e32 -> 
  custom:video-decoder-ogg-theora: a1e56fd34408186e4bbccfd4996cb3dc -> 
  custom:container-muxer-webm: aa71ff27fc2769a1b78a27578f13a17b -> 
  custom:container-demuxer-webm: 4f35f7cbe854078d1ac9338744f61a02 -> 
  custom:container-demuxer-ogg: 62fdf1f143b41e24485cea50d1cbac27 -> 
  custom:video-encoder-webm-vp8: eb34c28f22e8b96e1ab97ce403110664 -> 
  custom:video-codec-MediaFoundation-h265: 746d11721c4dcdbdad8f713fa42b33f4 -> 
  custom:video-decoder-webm-vp8: 9c59270c3fd7afecdb556c50c9e8de78 -> 
  custom:audio-decoder-ogg-vorbis: bf7c407c2cedff20999df2af8eb42d56 -> 
  custom:audio-encoder-webm-vorbis: bf7c407c2cedff20999df2af8eb42d56 -> 
AssetImportWorkerClient::OnTransportError - code=2 error=End of file
