Using pre-set license
Built from '2020.2/release' branch; Version is '2020.2.4f1 (becced5a802b) revision 12504301'; Using compiler version '192528614'; Build Type 'Release'
OS: 'Windows 10 Home; OS build 19042.1466; Version 2009; 64bit' Language: 'en' Physical Memory: 16313 MB
BatchMode: 1, IsHumanControllingUs: 0, StartBugReporterOnCrash: 0, Is64bit: 1, IsPro: 0

 COMMAND LINE ARGUMENTS:
C:\Users\bryan\OneDrive\Documents\Unity Projects\2020.2.4f1\Editor\Unity.exe
-adb2
-batchMode
-noUpm
-name
AssetImportWorker0
-projectPath
C:/Users/bryan/OneDrive/Documents/Unity Projects/Brackey's Game Tutorial
-logFile
Logs/AssetImportWorker0.log
-srvPort
61215
Successfully changed project path to: C:/Users/bryan/OneDrive/Documents/Unity Projects/Brackey's Game Tutorial
C:/Users/bryan/OneDrive/Documents/Unity Projects/Brackey's Game Tutorial
Using Asset Import Pipeline V2.
Refreshing native plugins compatible for Editor in 23.32 ms, found 0 plugins.
Preloading 0 native plugins for Editor in 0.00 ms.
Initialize engine version: 2020.2.4f1 (becced5a802b)
[Subsystems] Discovering subsystems at path C:/Users/bryan/OneDrive/Documents/Unity Projects/2020.2.4f1/Editor/Data/Resources/UnitySubsystems
[Subsystems] Discovering subsystems at path C:/Users/bryan/OneDrive/Documents/Unity Projects/Brackey's Game Tutorial/Assets
GfxDevice: creating device client; threaded=0
Direct3D:
    Version:  Direct3D 11.0 [level 11.1]
    Renderer: Radeon RX 580 Series (ID=0x67df)
    Vendor:   
    VRAM:     8171 MB
    Driver:   30.0.13023.1012
Initialize mono
Mono path[0] = 'C:/Users/bryan/OneDrive/Documents/Unity Projects/2020.2.4f1/Editor/Data/Managed'
Mono path[1] = 'C:/Users/bryan/OneDrive/Documents/Unity Projects/2020.2.4f1/Editor/Data/MonoBleedingEdge/lib/mono/unityjit'
Mono config path = 'C:/Users/bryan/OneDrive/Documents/Unity Projects/2020.2.4f1/Editor/Data/MonoBleedingEdge/etc'
Using monoOptions --debugger-agent=transport=dt_socket,embedding=1,server=y,suspend=n,address=127.0.0.1:56544
Begin MonoManager ReloadAssembly
Registering precompiled unity dll's ...
Register platform support module: C:/Users/bryan/OneDrive/Documents/Unity Projects/2020.2.4f1/Editor/Data/PlaybackEngines/WindowsStandaloneSupport/UnityEditor.WindowsStandalone.Extensions.dll
Registered in 0.002579 seconds.
Native extension for WindowsStandalone target not found
Refreshing native plugins compatible for Editor in 23.09 ms, found 0 plugins.
Preloading 0 native plugins for Editor in 0.00 ms.
Invoked RoslynAnalysisRunner static constructor.
RoslynAnalysisRunner will not be running.
RoslynAnalysisRunner has terminated.
Mono: successfully reloaded assembly
- Completed reload, in  1.383 seconds
Platform modules already initialized, skipping
Registering precompiled user dll's ...
Registered in 0.000896 seconds.
Begin MonoManager ReloadAssembly
Native extension for WindowsStandalone target not found
Refreshing native plugins compatible for Editor in 0.22 ms, found 0 plugins.
Preloading 0 native plugins for Editor in 0.00 ms.
Invoked RoslynAnalysisRunner static constructor.
RoslynAnalysisRunner will not be running.
RoslynAnalysisRunner has terminated.
Mono: successfully reloaded assembly
- Completed reload, in  0.842 seconds
Platform modules already initialized, skipping
========================================================================
Worker process is ready to serve import requests
Launched and connected shader compiler UnityShaderCompiler.exe after 0.05 seconds
Refreshing native plugins compatible for Editor in 0.20 ms, found 0 plugins.
Preloading 0 native plugins for Editor in 0.00 ms.
Unloading 1113 Unused Serialized files (Serialized files now loaded: 0)
System memory in use before: 57.8 MB.
System memory in use after: 57.9 MB.

Unloading 10 unused Assets to reduce memory usage. Loaded Objects now: 1559.
Total: 1.609800 ms (FindLiveObjects: 0.132800 ms CreateObjectMapping: 0.031400 ms MarkObjects: 1.367700 ms  DeleteObjects: 0.076600 ms)

========================================================================
Received Import Request.
  path: Assets/Scenes/Level01.unity
  artifactKey: Guid(8d69d255931eda245a48a98a12090532) Importer(815301076,1909f56bfc062723c751e8b465ee728b)
Start importing Assets/Scenes/Level01.unity using Guid(8d69d255931eda245a48a98a12090532) Importer(815301076,1909f56bfc062723c751e8b465ee728b)  -> (artifact id: 'ef8ba2db6c6c20345b6fc39d7a549560') in 0.017884 seconds
  Import took 0.022464 seconds .

========================================================================
Received Import Request.
  Time since last request: 81.727216 seconds.
  path: Assets/Scripts/GameManager.cs
  artifactKey: Guid(220ec9f8337a0cf4db786aa6ad73d026) Importer(815301076,1909f56bfc062723c751e8b465ee728b)
Start importing Assets/Scripts/GameManager.cs using Guid(220ec9f8337a0cf4db786aa6ad73d026) Importer(815301076,1909f56bfc062723c751e8b465ee728b)  -> (artifact id: '8d32100e08d13b58069ceef080bcdda3') in 0.074174 seconds
  Import took 0.077754 seconds .

========================================================================
Received Prepare
Registering precompiled user dll's ...
Registered in 0.001010 seconds.
Begin MonoManager ReloadAssembly
Native extension for WindowsStandalone target not found
Refreshing native plugins compatible for Editor in 0.21 ms, found 0 plugins.
Preloading 0 native plugins for Editor in 0.00 ms.
Invoked RoslynAnalysisRunner static constructor.
RoslynAnalysisRunner will not be running.
RoslynAnalysisRunner has terminated.
Mono: successfully reloaded assembly
- Completed reload, in  0.809 seconds
Platform modules already initialized, skipping
Refreshing native plugins compatible for Editor in 0.22 ms, found 0 plugins.
Preloading 0 native plugins for Editor in 0.00 ms.
Unloading 1108 Unused Serialized files (Serialized files now loaded: 0)
System memory in use before: 57.8 MB.
System memory in use after: 57.9 MB.

Unloading 5 unused Assets to reduce memory usage. Loaded Objects now: 1561.
Total: 1.652900 ms (FindLiveObjects: 0.150600 ms CreateObjectMapping: 0.027200 ms MarkObjects: 1.418100 ms  DeleteObjects: 0.055900 ms)

========================================================================
Received Import Request.
  Time since last request: 405.355492 seconds.
  path: Assets/Scripts/LevelComplete.cs
  artifactKey: Guid(1e26ebcb360a33247bacb864d7f204d5) Importer(815301076,1909f56bfc062723c751e8b465ee728b)
Start importing Assets/Scripts/LevelComplete.cs using Guid(1e26ebcb360a33247bacb864d7f204d5) Importer(815301076,1909f56bfc062723c751e8b465ee728b)  -> (artifact id: 'a3106c5f62c38db3db36c209eefda8f7') in 0.008982 seconds
  Import took 0.013063 seconds .

========================================================================
Received Import Request.
  Time since last request: 0.001210 seconds.
  path: Assets/Scripts/LevelComplete.cs
  artifactKey: Guid(1e26ebcb360a33247bacb864d7f204d5) Importer(815301076,1909f56bfc062723c751e8b465ee728b)
Start importing Assets/Scripts/LevelComplete.cs using Guid(1e26ebcb360a33247bacb864d7f204d5) Importer(815301076,1909f56bfc062723c751e8b465ee728b)  -> (artifact id: 'a3106c5f62c38db3db36c209eefda8f7') in 0.003109 seconds
  Import took 0.006694 seconds .

AssetImportWorkerClient::OnTransportError - code=2 error=End of file
