Using pre-set license
Built from '2020.3/staging' branch; Version is '2020.3.26f1 (7298b473bc1a) revision 7510196'; Using compiler version '192528614'; Build Type 'Release'
OS: 'Windows 10  (10.0.19044) 64bit Core' Language: 'en' Physical Memory: 16313 MB
BatchMode: 1, IsHumanControllingUs: 0, StartBugReporterOnCrash: 0, Is64bit: 1, IsPro: 0

COMMAND LINE ARGUMENTS:
C:\Users\bryan\OneDrive\Documents\Unity Projects\2020.3.26f1\Editor\Unity.exe
-adb2
-batchMode
-noUpm
-name
AssetImportWorker0
-projectPath
C:/Users/bryan/OneDrive/Documents/Unity Projects/Fluffy 0.1
-logFile
Logs/AssetImportWorker0.log
-srvPort
52212
Successfully changed project path to: C:/Users/bryan/OneDrive/Documents/Unity Projects/Fluffy 0.1
C:/Users/bryan/OneDrive/Documents/Unity Projects/Fluffy 0.1
Using Asset Import Pipeline V2.
Refreshing native plugins compatible for Editor in 122.12 ms, found 3 plugins.
Preloading 0 native plugins for Editor in 0.00 ms.
Initialize engine version: 2020.3.26f1 (7298b473bc1a)
[Subsystems] Discovering subsystems at path C:/Users/bryan/OneDrive/Documents/Unity Projects/2020.3.26f1/Editor/Data/Resources/UnitySubsystems
[Subsystems] Discovering subsystems at path C:/Users/bryan/OneDrive/Documents/Unity Projects/Fluffy 0.1/Assets
GfxDevice: creating device client; threaded=0
Direct3D:
    Version:  Direct3D 11.0 [level 11.1]
    Renderer: Radeon RX 580 Series (ID=0x67df)
    Vendor:   
    VRAM:     8170 MB
    Driver:   30.0.15002.1004
Initialize mono
Mono path[0] = 'C:/Users/bryan/OneDrive/Documents/Unity Projects/2020.3.26f1/Editor/Data/Managed'
Mono path[1] = 'C:/Users/bryan/OneDrive/Documents/Unity Projects/2020.3.26f1/Editor/Data/MonoBleedingEdge/lib/mono/unityjit'
Mono config path = 'C:/Users/bryan/OneDrive/Documents/Unity Projects/2020.3.26f1/Editor/Data/MonoBleedingEdge/etc'
Using monoOptions --debugger-agent=transport=dt_socket,embedding=1,server=y,suspend=n,address=127.0.0.1:56116
Begin MonoManager ReloadAssembly
Registering precompiled unity dll's ...
Register platform support module: C:/Users/bryan/OneDrive/Documents/Unity Projects/2020.3.26f1/Editor/Data/PlaybackEngines/WindowsStandaloneSupport/UnityEditor.WindowsStandalone.Extensions.dll
Registered in 0.002802 seconds.
Native extension for WindowsStandalone target not found
Refreshing native plugins compatible for Editor in 140.04 ms, found 3 plugins.
Preloading 0 native plugins for Editor in 0.00 ms.
Mono: successfully reloaded assembly
- Completed reload, in  0.833 seconds
Domain Reload Profiling:
	ReloadAssembly (833ms)
		BeginReloadAssembly (64ms)
			ExecutionOrderSort (0ms)
			DisableScriptedObjects (0ms)
			BackupInstance (0ms)
			ReleaseScriptingObjects (0ms)
			CreateAndSetChildDomain (1ms)
		EndReloadAssembly (674ms)
			LoadAssemblies (61ms)
			RebuildTransferFunctionScriptingTraits (0ms)
			SetupTypeCache (189ms)
			ReleaseScriptCaches (0ms)
			RebuildScriptCaches (31ms)
			SetupLoadedEditorAssemblies (324ms)
				LogAssemblyErrors (0ms)
				InitializePlatformSupportModulesInManaged (5ms)
				SetLoadedEditorAssemblies (0ms)
				RefreshPlugins (140ms)
				BeforeProcessingInitializeOnLoad (19ms)
				ProcessInitializeOnLoadAttributes (122ms)
				ProcessInitializeOnLoadMethodAttributes (38ms)
				AfterProcessingInitializeOnLoad (0ms)
				EditorAssembliesLoaded (0ms)
			ExecutionOrderSort2 (0ms)
			AwakeInstancesAfterBackupRestoration (0ms)
Platform modules already initialized, skipping
Registering precompiled user dll's ...
Registered in 0.009492 seconds.
Begin MonoManager ReloadAssembly
Native extension for WindowsStandalone target not found
Refreshing native plugins compatible for Editor in 110.45 ms, found 3 plugins.
Preloading 0 native plugins for Editor in 0.00 ms.
Mono: successfully reloaded assembly
- Completed reload, in  1.588 seconds
Domain Reload Profiling:
	ReloadAssembly (1589ms)
		BeginReloadAssembly (169ms)
			ExecutionOrderSort (0ms)
			DisableScriptedObjects (7ms)
			BackupInstance (0ms)
			ReleaseScriptingObjects (0ms)
			CreateAndSetChildDomain (17ms)
		EndReloadAssembly (1344ms)
			LoadAssemblies (123ms)
			RebuildTransferFunctionScriptingTraits (0ms)
			SetupTypeCache (419ms)
			ReleaseScriptCaches (1ms)
			RebuildScriptCaches (76ms)
			SetupLoadedEditorAssemblies (594ms)
				LogAssemblyErrors (0ms)
				InitializePlatformSupportModulesInManaged (4ms)
				SetLoadedEditorAssemblies (0ms)
				RefreshPlugins (111ms)
				BeforeProcessingInitializeOnLoad (129ms)
				ProcessInitializeOnLoadAttributes (321ms)
				ProcessInitializeOnLoadMethodAttributes (19ms)
				AfterProcessingInitializeOnLoad (10ms)
				EditorAssembliesLoaded (0ms)
			ExecutionOrderSort2 (0ms)
			AwakeInstancesAfterBackupRestoration (7ms)
Platform modules already initialized, skipping
========================================================================
Worker process is ready to serve import requests
Launched and connected shader compiler UnityShaderCompiler.exe after 0.06 seconds
Refreshing native plugins compatible for Editor in 1.00 ms, found 3 plugins.
Preloading 0 native plugins for Editor in 0.00 ms.
Unloading 3808 Unused Serialized files (Serialized files now loaded: 0)
System memory in use before: 158.2 MB.
System memory in use after: 158.4 MB.

Unloading 33 unused Assets to reduce memory usage. Loaded Objects now: 4242.
Total: 4.994500 ms (FindLiveObjects: 0.335200 ms CreateObjectMapping: 0.092400 ms MarkObjects: 4.458800 ms  DeleteObjects: 0.106600 ms)

AssetImportParameters requested are different than current active one (requested -> active):
  custom:framework-win-MediaFoundation: 216162199b28c13a410421893ffa2e32 -> 
  custom:video-decoder-ogg-theora: a1e56fd34408186e4bbccfd4996cb3dc -> 
  custom:container-muxer-webm: aa71ff27fc2769a1b78a27578f13a17b -> 
  custom:container-demuxer-webm: 4f35f7cbe854078d1ac9338744f61a02 -> 
  custom:container-demuxer-ogg: 62fdf1f143b41e24485cea50d1cbac27 -> 
  custom:video-encoder-webm-vp8: eb34c28f22e8b96e1ab97ce403110664 -> 
  custom:video-decoder-webm-vp8: 9c59270c3fd7afecdb556c50c9e8de78 -> 
  custom:audio-decoder-ogg-vorbis: bf7c407c2cedff20999df2af8eb42d56 -> 
  custom:audio-encoder-webm-vorbis: bf7c407c2cedff20999df2af8eb42d56 -> 
========================================================================
Received Import Request.
  path: Assets/Scenes/Level1.unity
  artifactKey: Guid(3e8f47790f25f4444b22e524fe0ca73d) Importer(815301076,1909f56bfc062723c751e8b465ee728b)
Start importing Assets/Scenes/Level1.unity using Guid(3e8f47790f25f4444b22e524fe0ca73d) Importer(815301076,1909f56bfc062723c751e8b465ee728b)  -> (artifact id: '057b358df5e0c2c2d88251749c27ee1f') in 0.024062 seconds 
  Import took 0.032022 seconds .

========================================================================
Received Import Request.
  Time since last request: 2.103377 seconds.
  path: Assets/Scenes/Level1.unity
  artifactKey: Guid(3e8f47790f25f4444b22e524fe0ca73d) Importer(815301076,1909f56bfc062723c751e8b465ee728b)
Start importing Assets/Scenes/Level1.unity using Guid(3e8f47790f25f4444b22e524fe0ca73d) Importer(815301076,1909f56bfc062723c751e8b465ee728b)  -> (artifact id: '7912440537a43a9424100706d42bef55') in 0.003619 seconds 
  Import took 0.012105 seconds .

========================================================================
Received Import Request.
  Time since last request: 3.269219 seconds.
  path: Assets/Scenes/Clouds_2.unity
  artifactKey: Guid(7ef3568626ccfbe41b007ff0ed68eb0e) Importer(815301076,1909f56bfc062723c751e8b465ee728b)
Start importing Assets/Scenes/Clouds_2.unity using Guid(7ef3568626ccfbe41b007ff0ed68eb0e) Importer(815301076,1909f56bfc062723c751e8b465ee728b)  -> (artifact id: '4f3e34a84377242d82a4dc785c7ad33d') in 0.012899 seconds 
  Import took 0.022538 seconds .

========================================================================
Received Import Request.
  Time since last request: 10.016184 seconds.
  path: Assets/Scenes/Level_2.unity
  artifactKey: Guid(7ef3568626ccfbe41b007ff0ed68eb0e) Importer(815301076,1909f56bfc062723c751e8b465ee728b)
Start importing Assets/Scenes/Level_2.unity using Guid(7ef3568626ccfbe41b007ff0ed68eb0e) Importer(815301076,1909f56bfc062723c751e8b465ee728b)  -> (artifact id: 'b8a40b71a2ac4c4d8a3518d801cd102a') in 0.008157 seconds 
  Import took 0.017150 seconds .

========================================================================
Received Import Request.
  Time since last request: 11.222981 seconds.
  path: Assets/Scenes/Level3.unity
  artifactKey: Guid(daad5670b13d4ed48a5224defd92006c) Importer(815301076,1909f56bfc062723c751e8b465ee728b)
Start importing Assets/Scenes/Level3.unity using Guid(daad5670b13d4ed48a5224defd92006c) Importer(815301076,1909f56bfc062723c751e8b465ee728b)  -> (artifact id: 'f6f0bf7cf44bf99c5eb21a4cab72afb5') in 0.008026 seconds 
  Import took 0.017743 seconds .

========================================================================
Received Import Request.
  Time since last request: 8.318377 seconds.
  path: Assets/Scenes/Level2.unity
  artifactKey: Guid(7ef3568626ccfbe41b007ff0ed68eb0e) Importer(815301076,1909f56bfc062723c751e8b465ee728b)
Start importing Assets/Scenes/Level2.unity using Guid(7ef3568626ccfbe41b007ff0ed68eb0e) Importer(815301076,1909f56bfc062723c751e8b465ee728b)  -> (artifact id: '8931765ca6fad70d265a745501f69af6') in 0.007355 seconds 
  Import took 0.016481 seconds .

========================================================================
Received Import Request.
  Time since last request: 12.304365 seconds.
  path: Assets/Scenes/Level4.unity
  artifactKey: Guid(62d606e0a0155cc4e8769270d857f2a9) Importer(815301076,1909f56bfc062723c751e8b465ee728b)
Start importing Assets/Scenes/Level4.unity using Guid(62d606e0a0155cc4e8769270d857f2a9) Importer(815301076,1909f56bfc062723c751e8b465ee728b)  -> (artifact id: '28503d31d5db769d5e360c9a35bc79bc') in 0.006267 seconds 
  Import took 0.014432 seconds .

========================================================================
Received Import Request.
  Time since last request: 3416.009858 seconds.
  path: Assets/Scenes/Level3.unity
  artifactKey: Guid(daad5670b13d4ed48a5224defd92006c) Importer(815301076,1909f56bfc062723c751e8b465ee728b)
Start importing Assets/Scenes/Level3.unity using Guid(daad5670b13d4ed48a5224defd92006c) Importer(815301076,1909f56bfc062723c751e8b465ee728b)  -> (artifact id: '91081ef7d644ee49767caa717b633c12') in 0.003884 seconds 
  Import took 0.013406 seconds .

========================================================================
Received Import Request.
  Time since last request: 1802.928230 seconds.
  path: Assets/Scenes/Level3.unity
  artifactKey: Guid(daad5670b13d4ed48a5224defd92006c) Importer(815301076,1909f56bfc062723c751e8b465ee728b)
Start importing Assets/Scenes/Level3.unity using Guid(daad5670b13d4ed48a5224defd92006c) Importer(815301076,1909f56bfc062723c751e8b465ee728b)  -> (artifact id: 'c9817bf7b4279b15123aaf515cd4c85b') in 0.007708 seconds 
  Import took 0.017531 seconds .

========================================================================
Received Import Request.
  Time since last request: 1.853412 seconds.
  path: Assets/Scenes/Level4.unity
  artifactKey: Guid(62d606e0a0155cc4e8769270d857f2a9) Importer(815301076,1909f56bfc062723c751e8b465ee728b)
Start importing Assets/Scenes/Level4.unity using Guid(62d606e0a0155cc4e8769270d857f2a9) Importer(815301076,1909f56bfc062723c751e8b465ee728b)  -> (artifact id: 'bdc88477031d98553cca88125bc613f6') in 0.003599 seconds 
  Import took 0.014037 seconds .

========================================================================
Received Import Request.
  Time since last request: 73.338077 seconds.
  path: Assets/Scenes/Level4.unity
  artifactKey: Guid(62d606e0a0155cc4e8769270d857f2a9) Importer(815301076,1909f56bfc062723c751e8b465ee728b)
Start importing Assets/Scenes/Level4.unity using Guid(62d606e0a0155cc4e8769270d857f2a9) Importer(815301076,1909f56bfc062723c751e8b465ee728b)  -> (artifact id: '0fec15e2df96f73f84a3b18978c842a2') in 0.003569 seconds 
  Import took 0.013295 seconds .

========================================================================
Received Import Request.
  Time since last request: 133.214801 seconds.
  path: Assets/Scenes/Level2.unity
  artifactKey: Guid(7ef3568626ccfbe41b007ff0ed68eb0e) Importer(815301076,1909f56bfc062723c751e8b465ee728b)
Start importing Assets/Scenes/Level2.unity using Guid(7ef3568626ccfbe41b007ff0ed68eb0e) Importer(815301076,1909f56bfc062723c751e8b465ee728b)  -> (artifact id: '5a5dae3776674e1ba3efcbec273d7959') in 0.004804 seconds 
  Import took 0.014989 seconds .

